[18.05.11 00:07:26][Logger] ----------> Log opened <----------
[18.05.11 00:07:26][info] Selected language "de"
[18.05.11 00:07:26][success] Language loaded
[18.05.11 00:07:26][Logger] ----------| Log closed |----------
[18.05.11 00:07:32][Logger] ----------> Log opened <----------
[18.05.11 00:07:32][info] Selected language "de"
[18.05.11 00:07:32][success] Language loaded
[18.05.11 00:07:32][Logger] ----------| Log closed |----------
[18.05.11 00:08:22][Logger] ----------> Log opened <----------
[18.05.11 00:08:22][info] Selected language "de"
[18.05.11 00:08:22][success] Language loaded
[18.05.11 00:08:22][Logger] ----------| Log closed |----------
[18.05.11 00:08:26][Logger] ----------> Log opened <----------
[18.05.11 00:08:26][info] Selected language "de"
[18.05.11 00:08:26][success] Language loaded
[18.05.11 00:08:26][Logger] ----------| Log closed |----------
[18.05.11 00:09:23][Logger] ----------> Log opened <----------
[18.05.11 00:09:23][info] Selected language "de"
[18.05.11 00:09:23][success] Language loaded
[18.05.11 00:09:23][Logger] ----------| Log closed |----------
[18.05.11 00:10:16][Logger] ----------> Log opened <----------
[18.05.11 00:10:16][info] Selected language "de"
[18.05.11 00:10:16][success] Language loaded
[18.05.11 00:10:16][Logger] ----------| Log closed |----------
[18.05.11 00:10:27][Logger] ----------> Log opened <----------
[18.05.11 00:10:27][info] Selected language "de"
[18.05.11 00:10:27][success] Language loaded
[18.05.11 00:10:27][Logger] ----------| Log closed |----------
[18.05.11 00:10:49][Logger] ----------> Log opened <----------
[18.05.11 00:10:49][info] Selected language "de"
[18.05.11 00:10:49][success] Language loaded
[18.05.11 00:10:49][Logger] ----------| Log closed |----------
[18.05.11 00:11:06][Logger] ----------> Log opened <----------
[18.05.11 00:11:06][info] Selected language "de"
[18.05.11 00:11:06][success] Language loaded
[18.05.11 00:11:06][Logger] ----------| Log closed |----------
[18.05.11 00:11:38][Logger] ----------> Log opened <----------
[18.05.11 00:11:38][info] Selected language "de"
[18.05.11 00:11:38][success] Language loaded
[18.05.11 00:11:38][Logger] ----------| Log closed |----------
[18.05.11 00:11:41][Logger] ----------> Log opened <----------
[18.05.11 00:11:41][info] Selected language "de"
[18.05.11 00:11:41][success] Language loaded
[18.05.11 00:11:41][Logger] ----------| Log closed |----------
[18.05.11 00:11:54][Logger] ----------> Log opened <----------
[18.05.11 00:11:54][info] Selected language "de"
[18.05.11 00:11:54][success] Language loaded
[18.05.11 00:11:54][Logger] ----------| Log closed |----------
[18.05.11 00:13:12][Logger] ----------> Log opened <----------
[18.05.11 00:13:12][info] Selected language "de"
[18.05.11 00:13:12][success] Language loaded
[18.05.11 00:13:12][Logger] ----------| Log closed |----------
[18.05.11 14:08:53][Logger] ----------> Log opened <----------
[18.05.11 14:08:53][info] Selected language "de"
[18.05.11 14:08:53][success] Language loaded
[18.05.11 14:08:53][Logger] ----------| Log closed |----------
[18.05.11 14:08:53][Logger] ----------> Log opened <----------
[18.05.11 14:08:53][info] Selected language "de"
[18.05.11 14:08:53][success] Language loaded
[18.05.11 14:08:53][Logger] ----------| Log closed |----------
[18.05.11 14:08:53][Logger] ----------> Log opened <----------
[18.05.11 14:08:53][info] Selected language "de"
[18.05.11 14:08:53][success] Language loaded
[18.05.11 14:08:53][Logger] ----------| Log closed |----------
[18.05.11 14:08:53][Logger] ----------> Log opened <----------
[18.05.11 14:08:53][info] Selected language "de"
[18.05.11 14:08:53][success] Language loaded
[18.05.11 14:08:53][Logger] ----------| Log closed |----------
[18.05.11 15:17:21][Logger] ----------> Log opened <----------
[18.05.11 15:17:21][info] Selected language "de"
[18.05.11 15:17:21][success] Language loaded
[18.05.11 15:17:21][Logger] ----------| Log closed |----------
[18.05.11 15:20:40][Logger] ----------> Log opened <----------
[18.05.11 15:20:40][info] Selected language "de"
[18.05.11 15:20:40][success] Language loaded
[18.05.11 15:20:40][Logger] ----------| Log closed |----------
[18.05.11 15:24:56][Logger] ----------> Log opened <----------
[18.05.11 15:24:56][info] Selected language "de"
[18.05.11 15:24:56][success] Language loaded
[18.05.11 15:24:56][Logger] ----------| Log closed |----------
[18.05.11 15:26:36][Logger] ----------> Log opened <----------
[18.05.11 15:26:36][info] Selected language "de"
[18.05.11 15:26:36][success] Language loaded
[18.05.11 15:26:36][Logger] ----------| Log closed |----------
[18.05.11 15:27:23][Logger] ----------> Log opened <----------
[18.05.11 15:27:23][info] Selected language "de"
[18.05.11 15:27:23][success] Language loaded
[18.05.11 15:27:23][Logger] ----------| Log closed |----------
[18.05.11 15:27:36][Logger] ----------> Log opened <----------
[18.05.11 15:27:36][info] Selected language "de"
[18.05.11 15:27:36][success] Language loaded
[18.05.11 15:27:36][Logger] ----------| Log closed |----------
[18.05.11 15:27:59][Logger] ----------> Log opened <----------
[18.05.11 15:27:59][info] Selected language "de"
[18.05.11 15:27:59][success] Language loaded
[18.05.11 15:27:59][Logger] ----------| Log closed |----------
[18.05.11 15:29:53][Logger] ----------> Log opened <----------
[18.05.11 15:29:53][info] Selected language "de"
[18.05.11 15:29:53][success] Language loaded
[18.05.11 15:29:53][Logger] ----------| Log closed |----------
[18.05.11 15:31:11][Logger] ----------> Log opened <----------
[18.05.11 15:31:11][info] Selected language "de"
[18.05.11 15:31:11][success] Language loaded
[18.05.11 15:31:11][Logger] ----------| Log closed |----------
[18.05.11 15:31:22][Logger] ----------> Log opened <----------
[18.05.11 15:31:22][info] Selected language "de"
[18.05.11 15:31:22][success] Language loaded
[18.05.11 15:31:22][Logger] ----------| Log closed |----------
[18.05.11 15:31:30][Logger] ----------> Log opened <----------
[18.05.11 15:31:30][info] Selected language "de"
[18.05.11 15:31:30][success] Language loaded
[18.05.11 15:31:30][Logger] ----------| Log closed |----------
[18.05.11 15:32:23][Logger] ----------> Log opened <----------
[18.05.11 15:32:23][info] Selected language "de"
[18.05.11 15:32:23][success] Language loaded
[18.05.11 15:32:23][Logger] ----------| Log closed |----------
[18.05.11 15:32:55][Logger] ----------> Log opened <----------
[18.05.11 15:32:55][info] Selected language "de"
[18.05.11 15:32:55][success] Language loaded
[18.05.11 15:32:55][Logger] ----------| Log closed |----------
[18.05.11 15:33:53][Logger] ----------> Log opened <----------
[18.05.11 15:33:53][info] Selected language "de"
[18.05.11 15:33:53][success] Language loaded
[18.05.11 15:33:53][Logger] ----------| Log closed |----------
[18.05.11 15:34:02][Logger] ----------> Log opened <----------
[18.05.11 15:34:02][info] Selected language "de"
[18.05.11 15:34:02][success] Language loaded
[18.05.11 15:34:02][Logger] ----------| Log closed |----------
[18.05.11 15:34:15][Logger] ----------> Log opened <----------
[18.05.11 15:34:15][info] Selected language "de"
[18.05.11 15:34:15][success] Language loaded
[18.05.11 15:34:15][Logger] ----------| Log closed |----------
[18.05.11 15:34:37][Logger] ----------> Log opened <----------
[18.05.11 15:34:37][info] Selected language "de"
[18.05.11 15:34:37][success] Language loaded
[18.05.11 15:34:37][Logger] ----------| Log closed |----------
[18.05.11 15:34:52][Logger] ----------> Log opened <----------
[18.05.11 15:34:52][info] Selected language "de"
[18.05.11 15:34:52][success] Language loaded
[18.05.11 15:34:52][Logger] ----------| Log closed |----------
[18.05.11 15:36:13][Logger] ----------> Log opened <----------
[18.05.11 15:36:13][info] Selected language "de"
[18.05.11 15:36:13][success] Language loaded
[18.05.11 15:36:13][Logger] ----------| Log closed |----------
[18.05.11 15:36:39][Logger] ----------> Log opened <----------
[18.05.11 15:36:39][info] Selected language "de"
[18.05.11 15:36:39][success] Language loaded
[18.05.11 15:36:39][Logger] ----------| Log closed |----------
[18.05.11 15:37:19][Logger] ----------> Log opened <----------
[18.05.11 15:37:19][info] Selected language "de"
[18.05.11 15:37:19][success] Language loaded
[18.05.11 15:37:19][Logger] ----------| Log closed |----------
[18.05.11 15:37:43][Logger] ----------> Log opened <----------
[18.05.11 15:37:43][info] Selected language "de"
[18.05.11 15:37:43][success] Language loaded
[18.05.11 15:37:43][Logger] ----------| Log closed |----------
[18.05.11 16:26:21][Logger] ----------> Log opened <----------
[18.05.11 16:26:21][info] Selected language "de"
[18.05.11 16:26:21][success] Language loaded
[18.05.11 16:26:21][Logger] ----------| Log closed |----------
[18.05.11 16:26:29][Logger] ----------> Log opened <----------
[18.05.11 16:26:29][info] Selected language "de"
[18.05.11 16:26:29][success] Language loaded
[18.05.11 16:26:29][Logger] ----------| Log closed |----------
[18.05.11 16:26:48][Logger] ----------> Log opened <----------
[18.05.11 16:26:48][info] Selected language "de"
[18.05.11 16:26:48][success] Language loaded
[18.05.11 16:26:48][Logger] ----------| Log closed |----------
[18.05.11 16:27:57][Logger] ----------> Log opened <----------
[18.05.11 16:27:57][info] Selected language "de"
[18.05.11 16:27:57][success] Language loaded
[18.05.11 16:27:57][Logger] ----------| Log closed |----------
[18.05.11 16:27:59][Logger] ----------> Log opened <----------
[18.05.11 16:27:59][info] Selected language "de"
[18.05.11 16:27:59][success] Language loaded
[18.05.11 16:27:59][Logger] ----------| Log closed |----------
[18.05.11 16:28:00][Logger] ----------> Log opened <----------
[18.05.11 16:28:00][info] Selected language "de"
[18.05.11 16:28:00][success] Language loaded
[18.05.11 16:28:00][Logger] ----------| Log closed |----------
[18.05.11 16:31:17][Logger] ----------> Log opened <----------
[18.05.11 16:31:17][info] Selected language "de"
[18.05.11 16:31:17][success] Language loaded
[18.05.11 16:31:17][Logger] ----------| Log closed |----------
[18.05.11 16:31:19][Logger] ----------> Log opened <----------
[18.05.11 16:31:19][info] Selected language "de"
[18.05.11 16:31:19][success] Language loaded
[18.05.11 16:31:19][Logger] ----------| Log closed |----------
[18.05.11 16:31:20][Logger] ----------> Log opened <----------
[18.05.11 16:31:20][info] Selected language "de"
[18.05.11 16:31:20][success] Language loaded
[18.05.11 16:31:20][Logger] ----------| Log closed |----------
[18.05.11 18:24:32][Logger] ----------> Log opened <----------
[18.05.11 18:24:32][info] Selected language "de"
[18.05.11 18:24:32][success] Language loaded
[18.05.11 18:24:32][Logger] ----------| Log closed |----------
[18.05.11 18:24:35][Logger] ----------> Log opened <----------
[18.05.11 18:24:35][info] Selected language "de"
[18.05.11 18:24:35][success] Language loaded
[18.05.11 18:24:35][Logger] ----------| Log closed |----------
[18.05.11 18:24:35][Logger] ----------> Log opened <----------
[18.05.11 18:24:35][info] Selected language "de"
[18.05.11 18:24:35][success] Language loaded
[18.05.11 18:24:35][Logger] ----------| Log closed |----------
[18.05.11 18:24:54][Logger] ----------> Log opened <----------
[18.05.11 18:24:54][info] Selected language "de"
[18.05.11 18:24:54][success] Language loaded
[18.05.11 18:24:54][Logger] ----------| Log closed |----------
[18.05.11 18:24:56][Logger] ----------> Log opened <----------
[18.05.11 18:24:56][info] Selected language "de"
[18.05.11 18:24:56][success] Language loaded
[18.05.11 18:24:56][Logger] ----------| Log closed |----------
[18.05.11 18:24:57][Logger] ----------> Log opened <----------
[18.05.11 18:24:57][info] Selected language "de"
[18.05.11 18:24:57][success] Language loaded
[18.05.11 18:24:57][Logger] ----------| Log closed |----------
[18.05.11 18:25:39][Logger] ----------> Log opened <----------
[18.05.11 18:25:39][info] Selected language "de"
[18.05.11 18:25:39][success] Language loaded
[18.05.11 18:25:39][Logger] ----------| Log closed |----------
[18.05.11 18:25:41][Logger] ----------> Log opened <----------
[18.05.11 18:25:41][info] Selected language "de"
[18.05.11 18:25:41][success] Language loaded
[18.05.11 18:25:41][Logger] ----------| Log closed |----------
[18.05.11 18:25:42][Logger] ----------> Log opened <----------
[18.05.11 18:25:42][info] Selected language "de"
[18.05.11 18:25:42][success] Language loaded
[18.05.11 18:25:42][Logger] ----------| Log closed |----------
[18.05.11 18:27:18][Logger] ----------> Log opened <----------
[18.05.11 18:27:18][info] Selected language "de"
[18.05.11 18:27:18][success] Language loaded
[18.05.11 18:27:18][Logger] ----------| Log closed |----------
[18.05.11 18:27:20][Logger] ----------> Log opened <----------
[18.05.11 18:27:20][info] Selected language "de"
[18.05.11 18:27:20][success] Language loaded
[18.05.11 18:27:20][Logger] ----------| Log closed |----------
[18.05.11 18:27:21][Logger] ----------> Log opened <----------
[18.05.11 18:27:21][info] Selected language "de"
[18.05.11 18:27:21][success] Language loaded
[18.05.11 18:27:21][Logger] ----------| Log closed |----------
[18.05.11 18:28:17][Logger] ----------> Log opened <----------
[18.05.11 18:28:17][info] Selected language "de"
[18.05.11 18:28:17][success] Language loaded
[18.05.11 18:28:17][Logger] ----------| Log closed |----------
[18.05.11 18:28:20][Logger] ----------> Log opened <----------
[18.05.11 18:28:20][info] Selected language "de"
[18.05.11 18:28:20][success] Language loaded
[18.05.11 18:28:20][Logger] ----------| Log closed |----------
[18.05.11 18:28:21][Logger] ----------> Log opened <----------
[18.05.11 18:28:21][info] Selected language "de"
[18.05.11 18:28:21][success] Language loaded
[18.05.11 18:28:21][Logger] ----------| Log closed |----------
[18.05.11 18:29:47][Logger] ----------> Log opened <----------
[18.05.11 18:29:47][info] Selected language "de"
[18.05.11 18:29:47][success] Language loaded
[18.05.11 18:29:47][Logger] ----------| Log closed |----------
[18.05.11 18:29:49][Logger] ----------> Log opened <----------
[18.05.11 18:29:49][info] Selected language "de"
[18.05.11 18:29:49][success] Language loaded
[18.05.11 18:29:49][Logger] ----------| Log closed |----------
[18.05.11 18:29:51][Logger] ----------> Log opened <----------
[18.05.11 18:29:51][info] Selected language "de"
[18.05.11 18:29:51][success] Language loaded
[18.05.11 18:29:51][Logger] ----------| Log closed |----------
[18.05.11 18:32:26][Logger] ----------> Log opened <----------
[18.05.11 18:32:26][info] Selected language "de"
[18.05.11 18:32:26][success] Language loaded
[18.05.11 18:32:26][Logger] ----------| Log closed |----------
[18.05.11 18:32:28][Logger] ----------> Log opened <----------
[18.05.11 18:32:28][info] Selected language "de"
[18.05.11 18:32:28][success] Language loaded
[18.05.11 18:32:28][Logger] ----------| Log closed |----------
[18.05.11 18:32:30][Logger] ----------> Log opened <----------
[18.05.11 18:32:30][info] Selected language "de"
[18.05.11 18:32:30][success] Language loaded
[18.05.11 18:32:30][Logger] ----------| Log closed |----------
[18.05.11 20:06:52][Logger] ----------> Log opened <----------
[18.05.11 20:06:52][info] Selected language "de"
[18.05.11 20:06:52][success] Language loaded
[18.05.11 20:06:52][Logger] ----------| Log closed |----------
[18.05.11 20:06:52][Logger] ----------> Log opened <----------
[18.05.11 20:06:52][info] Selected language "de"
[18.05.11 20:06:52][success] Language loaded
[18.05.11 20:06:52][Logger] ----------| Log closed |----------
[18.05.11 20:12:38][Logger] ----------> Log opened <----------
[18.05.11 20:12:38][info] Selected language "de"
[18.05.11 20:12:38][success] Language loaded
[18.05.11 20:12:38][Logger] ----------| Log closed |----------
[18.05.11 20:12:38][Logger] ----------> Log opened <----------
[18.05.11 20:12:38][info] Selected language "de"
[18.05.11 20:12:38][success] Language loaded
[18.05.11 20:12:38][Logger] ----------| Log closed |----------
[18.05.11 20:12:49][Logger] ----------> Log opened <----------
[18.05.11 20:12:49][info] Selected language "de"
[18.05.11 20:12:49][success] Language loaded
[18.05.11 20:12:49][Logger] ----------| Log closed |----------
[18.05.11 20:12:52][Logger] ----------> Log opened <----------
[18.05.11 20:12:52][info] Selected language "de"
[18.05.11 20:12:52][success] Language loaded
[18.05.11 20:12:52][Logger] ----------| Log closed |----------
[18.05.11 20:14:13][Logger] ----------> Log opened <----------
[18.05.11 20:14:13][info] Selected language "de"
[18.05.11 20:14:13][success] Language loaded
[18.05.11 20:14:13][Logger] ----------| Log closed |----------
[18.05.11 20:14:13][Logger] ----------> Log opened <----------
[18.05.11 20:14:13][info] Selected language "de"
[18.05.11 20:14:13][success] Language loaded
[18.05.11 20:14:13][Logger] ----------| Log closed |----------
[18.05.11 20:16:02][Logger] ----------> Log opened <----------
[18.05.11 20:16:02][info] Selected language "de"
[18.05.11 20:16:02][success] Language loaded
[18.05.11 20:16:02][Logger] ----------| Log closed |----------
[18.05.11 20:16:02][Logger] ----------> Log opened <----------
[18.05.11 20:16:02][info] Selected language "de"
[18.05.11 20:16:02][success] Language loaded
[18.05.11 20:16:02][Logger] ----------| Log closed |----------
[18.05.11 20:16:37][Logger] ----------> Log opened <----------
[18.05.11 20:16:37][info] Selected language "de"
[18.05.11 20:16:37][success] Language loaded
[18.05.11 20:16:37][Logger] ----------| Log closed |----------
[18.05.11 20:16:37][Logger] ----------> Log opened <----------
[18.05.11 20:16:37][info] Selected language "de"
[18.05.11 20:16:37][success] Language loaded
[18.05.11 20:16:37][Logger] ----------| Log closed |----------
[18.05.11 20:17:10][Logger] ----------> Log opened <----------
[18.05.11 20:17:10][info] Selected language "de"
[18.05.11 20:17:10][success] Language loaded
[18.05.11 20:17:10][Logger] ----------| Log closed |----------
[18.05.11 20:17:11][Logger] ----------> Log opened <----------
[18.05.11 20:17:11][info] Selected language "de"
[18.05.11 20:17:11][success] Language loaded
[18.05.11 20:17:11][Logger] ----------| Log closed |----------
[18.05.11 20:17:33][Logger] ----------> Log opened <----------
[18.05.11 20:17:33][info] Selected language "de"
[18.05.11 20:17:33][success] Language loaded
[18.05.11 20:17:33][Logger] ----------| Log closed |----------
[18.05.11 20:17:33][Logger] ----------> Log opened <----------
[18.05.11 20:17:33][info] Selected language "de"
[18.05.11 20:17:33][success] Language loaded
[18.05.11 20:17:33][Logger] ----------| Log closed |----------
[18.05.11 20:18:42][Logger] ----------> Log opened <----------
[18.05.11 20:18:42][info] Selected language "de"
[18.05.11 20:18:42][success] Language loaded
[18.05.11 20:18:42][Logger] ----------| Log closed |----------
[18.05.11 20:18:43][Logger] ----------> Log opened <----------
[18.05.11 20:18:43][info] Selected language "de"
[18.05.11 20:18:43][success] Language loaded
[18.05.11 20:18:43][Logger] ----------| Log closed |----------
[18.05.11 20:28:16][Logger] ----------> Log opened <----------
[18.05.11 20:28:16][info] Selected language "de"
[18.05.11 20:28:16][success] Language loaded
[18.05.11 20:28:16][Logger] ----------| Log closed |----------
[18.05.11 20:28:16][Logger] ----------> Log opened <----------
[18.05.11 20:28:16][info] Selected language "de"
[18.05.11 20:28:16][success] Language loaded
[18.05.11 20:28:16][Logger] ----------| Log closed |----------
[18.05.11 20:42:23][Logger] ----------> Log opened <----------
[18.05.11 20:42:23][info] Selected language "de"
[18.05.11 20:42:23][success] Language loaded
[18.05.11 20:42:23][Logger] ----------| Log closed |----------
[18.05.11 20:42:23][Logger] ----------> Log opened <----------
[18.05.11 20:42:23][info] Selected language "de"
[18.05.11 20:42:23][success] Language loaded
[18.05.11 20:42:23][Logger] ----------| Log closed |----------
[18.05.11 20:44:24][Logger] ----------> Log opened <----------
[18.05.11 20:44:24][info] Selected language "de"
[18.05.11 20:44:24][success] Language loaded
[18.05.11 20:44:24][Logger] ----------| Log closed |----------
[18.05.11 20:44:24][Logger] ----------> Log opened <----------
[18.05.11 20:44:24][info] Selected language "de"
[18.05.11 20:44:24][success] Language loaded
[18.05.11 20:44:24][Logger] ----------| Log closed |----------
[18.05.11 20:50:36][Logger] ----------> Log opened <----------
[18.05.11 20:50:36][info] Selected language "de"
[18.05.11 20:50:36][success] Language loaded
[18.05.11 20:50:36][Logger] ----------| Log closed |----------
[18.05.11 20:50:36][Logger] ----------> Log opened <----------
[18.05.11 20:50:36][info] Selected language "de"
[18.05.11 20:50:36][success] Language loaded
[18.05.11 20:50:36][Logger] ----------| Log closed |----------
[18.05.11 20:53:04][Logger] ----------> Log opened <----------
[18.05.11 20:53:04][info] Selected language "de"
[18.05.11 20:53:04][success] Language loaded
[18.05.11 20:53:04][Logger] ----------| Log closed |----------
[18.05.11 20:53:04][Logger] ----------> Log opened <----------
[18.05.11 20:53:04][info] Selected language "de"
[18.05.11 20:53:04][success] Language loaded
[18.05.11 20:53:04][Logger] ----------| Log closed |----------
[18.05.11 21:25:27][Logger] ----------> Log opened <----------
[18.05.11 21:25:27][info] Selected language "de"
[18.05.11 21:25:27][success] Language loaded
[18.05.11 21:25:27][Logger] ----------| Log closed |----------
[18.05.11 21:25:27][Logger] ----------> Log opened <----------
[18.05.11 21:25:27][info] Selected language "de"
[18.05.11 21:25:27][success] Language loaded
[18.05.11 21:25:27][Logger] ----------| Log closed |----------
[18.05.11 21:26:43][Logger] ----------> Log opened <----------
[18.05.11 21:26:43][info] Selected language "de"
[18.05.11 21:26:43][success] Language loaded
[18.05.11 21:26:43][Logger] ----------| Log closed |----------
[18.05.11 21:26:45][Logger] ----------> Log opened <----------
[18.05.11 21:26:45][info] Selected language "de"
[18.05.11 21:26:45][success] Language loaded
[18.05.11 21:26:45][Logger] ----------| Log closed |----------
[18.05.11 21:26:47][Logger] ----------> Log opened <----------
[18.05.11 21:26:47][info] Selected language "de"
[18.05.11 21:26:47][success] Language loaded
[18.05.11 21:26:47][Logger] ----------| Log closed |----------
[18.05.11 21:29:15][Logger] ----------> Log opened <----------
[18.05.11 21:29:15][info] Selected language "de"
[18.05.11 21:29:15][success] Language loaded
[18.05.11 21:29:15][Logger] ----------| Log closed |----------
[18.05.11 21:29:18][Logger] ----------> Log opened <----------
[18.05.11 21:29:18][info] Selected language "de"
[18.05.11 21:29:18][success] Language loaded
[18.05.11 21:29:18][Logger] ----------| Log closed |----------
[18.05.11 21:29:18][Logger] ----------> Log opened <----------
[18.05.11 21:29:18][info] Selected language "de"
[18.05.11 21:29:18][success] Language loaded
[18.05.11 21:29:18][Logger] ----------| Log closed |----------
[18.05.11 21:30:21][Logger] ----------> Log opened <----------
[18.05.11 21:30:21][info] Selected language "de"
[18.05.11 21:30:21][success] Language loaded
[18.05.11 21:30:21][Logger] ----------| Log closed |----------
[18.05.11 21:30:25][Logger] ----------> Log opened <----------
[18.05.11 21:30:25][info] Selected language "de"
[18.05.11 21:30:25][success] Language loaded
[18.05.11 21:30:25][Logger] ----------| Log closed |----------
[18.05.11 21:30:25][Logger] ----------> Log opened <----------
[18.05.11 21:30:25][info] Selected language "de"
[18.05.11 21:30:25][success] Language loaded
[18.05.11 21:30:25][Logger] ----------| Log closed |----------
[18.05.11 21:31:12][Logger] ----------> Log opened <----------
[18.05.11 21:31:12][info] Selected language "de"
[18.05.11 21:31:12][success] Language loaded
[18.05.11 21:31:12][Logger] ----------| Log closed |----------
[18.05.11 21:31:16][Logger] ----------> Log opened <----------
[18.05.11 21:31:16][info] Selected language "de"
[18.05.11 21:31:16][success] Language loaded
[18.05.11 21:31:16][Logger] ----------| Log closed |----------
[18.05.11 21:31:16][Logger] ----------> Log opened <----------
[18.05.11 21:31:16][info] Selected language "de"
[18.05.11 21:31:16][success] Language loaded
[18.05.11 21:31:16][Logger] ----------| Log closed |----------
[18.05.11 21:31:37][Logger] ----------> Log opened <----------
[18.05.11 21:31:37][info] Selected language "de"
[18.05.11 21:31:37][success] Language loaded
[18.05.11 21:31:37][Logger] ----------| Log closed |----------
[18.05.11 21:31:49][Logger] ----------> Log opened <----------
[18.05.11 21:31:49][info] Selected language "de"
[18.05.11 21:31:49][success] Language loaded
[18.05.11 21:31:49][Logger] ----------| Log closed |----------
[18.05.11 21:32:10][Logger] ----------> Log opened <----------
[18.05.11 21:32:10][info] Selected language "de"
[18.05.11 21:32:10][success] Language loaded
[18.05.11 21:32:10][Logger] ----------| Log closed |----------
[18.05.11 21:32:12][Logger] ----------> Log opened <----------
[18.05.11 21:32:12][info] Selected language "de"
[18.05.11 21:32:12][success] Language loaded
[18.05.11 21:32:12][Logger] ----------| Log closed |----------
[18.05.11 21:32:12][Logger] ----------> Log opened <----------
[18.05.11 21:32:12][info] Selected language "de"
[18.05.11 21:32:12][success] Language loaded
[18.05.11 21:32:12][Logger] ----------| Log closed |----------
[18.05.11 21:32:14][Logger] ----------> Log opened <----------
[18.05.11 21:32:14][info] Selected language "de"
[18.05.11 21:32:14][success] Language loaded
[18.05.11 21:32:14][Logger] ----------| Log closed |----------
[18.05.11 21:32:17][Logger] ----------> Log opened <----------
[18.05.11 21:32:17][info] Selected language "de"
[18.05.11 21:32:17][success] Language loaded
[18.05.11 21:32:17][Logger] ----------| Log closed |----------
[18.05.11 21:32:30][Logger] ----------> Log opened <----------
[18.05.11 21:32:30][info] Selected language "de"
[18.05.11 21:32:30][success] Language loaded
[18.05.11 21:32:30][Logger] ----------| Log closed |----------
[18.05.11 21:32:30][Logger] ----------> Log opened <----------
[18.05.11 21:32:30][info] Selected language "de"
[18.05.11 21:32:30][success] Language loaded
[18.05.11 21:32:30][Logger] ----------| Log closed |----------
[18.05.11 21:33:29][Logger] ----------> Log opened <----------
[18.05.11 21:33:29][info] Selected language "de"
[18.05.11 21:33:29][success] Language loaded
[18.05.11 21:33:29][Logger] ----------| Log closed |----------
[18.05.11 21:33:29][Logger] ----------> Log opened <----------
[18.05.11 21:33:29][info] Selected language "de"
[18.05.11 21:33:29][success] Language loaded
[18.05.11 21:33:29][Logger] ----------| Log closed |----------
[18.05.11 21:33:36][Logger] ----------> Log opened <----------
[18.05.11 21:33:36][info] Selected language "de"
[18.05.11 21:33:36][success] Language loaded
[18.05.11 21:33:36][Logger] ----------| Log closed |----------
[18.05.11 21:33:36][Logger] ----------> Log opened <----------
[18.05.11 21:33:36][info] Selected language "de"
[18.05.11 21:33:36][success] Language loaded
[18.05.11 21:33:36][Logger] ----------| Log closed |----------
[18.05.11 21:35:26][Logger] ----------> Log opened <----------
[18.05.11 21:35:26][info] Selected language "de"
[18.05.11 21:35:26][success] Language loaded
[18.05.11 21:35:26][Logger] ----------| Log closed |----------
[18.05.11 21:36:51][Logger] ----------> Log opened <----------
[18.05.11 21:36:51][info] Selected language "de"
[18.05.11 21:36:51][success] Language loaded
[18.05.11 21:36:51][Logger] ----------| Log closed |----------
[18.05.11 21:38:41][Logger] ----------> Log opened <----------
[18.05.11 21:38:41][info] Selected language "de"
[18.05.11 21:38:41][success] Language loaded
[18.05.11 21:38:41][Logger] ----------| Log closed |----------
[18.05.11 21:40:59][Logger] ----------> Log opened <----------
[18.05.11 21:40:59][info] Selected language "de"
[18.05.11 21:40:59][success] Language loaded
[18.05.11 21:40:59][Logger] ----------| Log closed |----------
[18.05.11 21:40:59][Logger] ----------> Log opened <----------
[18.05.11 21:40:59][info] Selected language "de"
[18.05.11 21:40:59][success] Language loaded
[18.05.11 21:40:59][Logger] ----------| Log closed |----------
[18.05.11 21:41:24][Logger] ----------> Log opened <----------
[18.05.11 21:41:24][info] Selected language "de"
[18.05.11 21:41:24][success] Language loaded
[18.05.11 21:41:24][Logger] ----------| Log closed |----------
[18.05.11 21:41:24][Logger] ----------> Log opened <----------
[18.05.11 21:41:24][info] Selected language "de"
[18.05.11 21:41:24][success] Language loaded
[18.05.11 21:41:24][Logger] ----------| Log closed |----------
[18.05.11 21:41:39][Logger] ----------> Log opened <----------
[18.05.11 21:41:39][info] Selected language "de"
[18.05.11 21:41:39][success] Language loaded
[18.05.11 21:41:39][Logger] ----------| Log closed |----------
[18.05.11 21:41:39][Logger] ----------> Log opened <----------
[18.05.11 21:41:39][info] Selected language "de"
[18.05.11 21:41:39][success] Language loaded
[18.05.11 21:41:39][Logger] ----------| Log closed |----------
[18.05.11 21:41:56][Logger] ----------> Log opened <----------
[18.05.11 21:41:56][info] Selected language "de"
[18.05.11 21:41:56][success] Language loaded
[18.05.11 21:41:56][Logger] ----------| Log closed |----------
[18.05.11 21:41:56][Logger] ----------> Log opened <----------
[18.05.11 21:41:56][info] Selected language "de"
[18.05.11 21:41:56][success] Language loaded
[18.05.11 21:41:56][Logger] ----------| Log closed |----------
[18.05.11 21:43:57][Logger] ----------> Log opened <----------
[18.05.11 21:43:57][info] Selected language "de"
[18.05.11 21:43:57][success] Language loaded
[18.05.11 21:43:57][Logger] ----------| Log closed |----------
[18.05.11 21:43:57][Logger] ----------> Log opened <----------
[18.05.11 21:43:57][info] Selected language "de"
[18.05.11 21:43:57][success] Language loaded
[18.05.11 21:43:57][Logger] ----------| Log closed |----------
[18.05.11 21:47:47][Logger] ----------> Log opened <----------
[18.05.11 21:47:47][info] Selected language "de"
[18.05.11 21:47:47][success] Language loaded
[18.05.11 21:47:47][Logger] ----------| Log closed |----------
[18.05.11 21:47:47][Logger] ----------> Log opened <----------
[18.05.11 21:47:47][info] Selected language "de"
[18.05.11 21:47:47][success] Language loaded
[18.05.11 21:47:47][Logger] ----------| Log closed |----------
[18.05.11 21:48:20][Logger] ----------> Log opened <----------
[18.05.11 21:48:20][info] Selected language "de"
[18.05.11 21:48:20][success] Language loaded
[18.05.11 21:48:20][Logger] ----------| Log closed |----------
[18.05.11 21:48:32][Logger] ----------> Log opened <----------
[18.05.11 21:48:32][info] Selected language "de"
[18.05.11 21:48:32][success] Language loaded
[18.05.11 21:48:32][Logger] ----------| Log closed |----------
[18.05.11 21:48:39][Logger] ----------> Log opened <----------
[18.05.11 21:48:39][info] Selected language "de"
[18.05.11 21:48:39][success] Language loaded
[18.05.11 21:48:39][Logger] ----------| Log closed |----------
[18.05.11 21:48:48][Logger] ----------> Log opened <----------
[18.05.11 21:48:48][info] Selected language "de"
[18.05.11 21:48:48][success] Language loaded
[18.05.11 21:48:48][Logger] ----------| Log closed |----------
[18.05.11 21:49:32][Logger] ----------> Log opened <----------
[18.05.11 21:49:32][info] Selected language "de"
[18.05.11 21:49:32][success] Language loaded
[18.05.11 21:49:32][Logger] ----------| Log closed |----------
[18.05.11 21:50:00][Logger] ----------> Log opened <----------
[18.05.11 21:50:00][info] Selected language "de"
[18.05.11 21:50:00][success] Language loaded
[18.05.11 21:50:00][Logger] ----------| Log closed |----------
[18.05.11 21:50:18][Logger] ----------> Log opened <----------
[18.05.11 21:50:18][info] Selected language "de"
[18.05.11 21:50:18][success] Language loaded
[18.05.11 21:50:18][Logger] ----------| Log closed |----------
[18.05.11 21:50:24][Logger] ----------> Log opened <----------
[18.05.11 21:50:24][info] Selected language "de"
[18.05.11 21:50:24][success] Language loaded
[18.05.11 21:50:24][Logger] ----------| Log closed |----------
[18.05.11 21:51:00][Logger] ----------> Log opened <----------
[18.05.11 21:51:00][info] Selected language "de"
[18.05.11 21:51:00][success] Language loaded
[18.05.11 21:51:00][Logger] ----------| Log closed |----------
[18.05.11 21:51:17][Logger] ----------> Log opened <----------
[18.05.11 21:51:17][info] Selected language "de"
[18.05.11 21:51:17][success] Language loaded
[18.05.11 21:51:17][Logger] ----------| Log closed |----------
[18.05.11 21:52:39][Logger] ----------> Log opened <----------
[18.05.11 21:52:39][info] Selected language "de"
[18.05.11 21:52:39][success] Language loaded
[18.05.11 21:52:39][Logger] ----------| Log closed |----------
[18.05.11 21:52:39][Logger] ----------> Log opened <----------
[18.05.11 21:52:39][info] Selected language "de"
[18.05.11 21:52:39][success] Language loaded
[18.05.11 21:52:39][Logger] ----------| Log closed |----------
[18.05.11 21:52:45][Logger] ----------> Log opened <----------
[18.05.11 21:52:45][info] Selected language "de"
[18.05.11 21:52:45][success] Language loaded
[18.05.11 21:52:45][Logger] ----------| Log closed |----------
[18.05.11 21:52:45][Logger] ----------> Log opened <----------
[18.05.11 21:52:45][info] Selected language "de"
[18.05.11 21:52:45][success] Language loaded
[18.05.11 21:52:45][Logger] ----------| Log closed |----------
[18.05.11 21:56:14][Logger] ----------> Log opened <----------
[18.05.11 21:56:14][info] Selected language "de"
[18.05.11 21:56:14][success] Language loaded
[18.05.11 21:56:14][Logger] ----------| Log closed |----------
[18.05.11 21:56:14][Logger] ----------> Log opened <----------
[18.05.11 21:56:14][info] Selected language "de"
[18.05.11 21:56:14][success] Language loaded
[18.05.11 21:56:14][Logger] ----------| Log closed |----------
[18.05.11 21:56:22][Logger] ----------> Log opened <----------
[18.05.11 21:56:22][info] Selected language "de"
[18.05.11 21:56:22][success] Language loaded
[18.05.11 21:56:22][Logger] ----------| Log closed |----------
[18.05.11 21:56:22][Logger] ----------> Log opened <----------
[18.05.11 21:56:22][info] Selected language "de"
[18.05.11 21:56:22][success] Language loaded
[18.05.11 21:56:22][Logger] ----------| Log closed |----------
[18.05.11 21:56:39][Logger] ----------> Log opened <----------
[18.05.11 21:56:39][info] Selected language "de"
[18.05.11 21:56:39][success] Language loaded
[18.05.11 21:56:39][Logger] ----------| Log closed |----------
[18.05.11 21:56:39][Logger] ----------> Log opened <----------
[18.05.11 21:56:39][info] Selected language "de"
[18.05.11 21:56:39][success] Language loaded
[18.05.11 21:56:39][Logger] ----------| Log closed |----------
[18.05.11 21:57:01][Logger] ----------> Log opened <----------
[18.05.11 21:57:01][info] Selected language "de"
[18.05.11 21:57:01][success] Language loaded
[18.05.11 21:57:01][Logger] ----------| Log closed |----------
[18.05.11 21:57:01][Logger] ----------> Log opened <----------
[18.05.11 21:57:01][info] Selected language "de"
[18.05.11 21:57:01][success] Language loaded
[18.05.11 21:57:01][Logger] ----------| Log closed |----------
[18.05.11 21:57:37][Logger] ----------> Log opened <----------
[18.05.11 21:57:37][info] Selected language "de"
[18.05.11 21:57:37][success] Language loaded
[18.05.11 21:57:37][Logger] ----------| Log closed |----------
[18.05.11 21:59:30][Logger] ----------> Log opened <----------
[18.05.11 21:59:30][info] Selected language "de"
[18.05.11 21:59:30][success] Language loaded
[18.05.11 21:59:30][Logger] ----------| Log closed |----------
[18.05.11 21:59:46][Logger] ----------> Log opened <----------
[18.05.11 21:59:46][info] Selected language "de"
[18.05.11 21:59:46][success] Language loaded
[18.05.11 21:59:46][Logger] ----------| Log closed |----------
[18.05.11 22:05:00][Logger] ----------> Log opened <----------
[18.05.11 22:05:00][info] Selected language "de"
[18.05.11 22:05:00][success] Language loaded
[18.05.11 22:05:00][Logger] ----------| Log closed |----------
[18.05.11 22:05:50][Logger] ----------> Log opened <----------
[18.05.11 22:05:50][info] Selected language "de"
[18.05.11 22:05:50][success] Language loaded
[18.05.11 22:05:50][Logger] ----------| Log closed |----------
[18.05.11 22:06:59][Logger] ----------> Log opened <----------
[18.05.11 22:06:59][info] Selected language "de"
[18.05.11 22:06:59][success] Language loaded
[18.05.11 22:06:59][Logger] ----------| Log closed |----------
[18.05.11 22:07:02][Logger] ----------> Log opened <----------
[18.05.11 22:07:02][info] Selected language "de"
[18.05.11 22:07:02][success] Language loaded
[18.05.11 22:07:02][Logger] ----------| Log closed |----------
[18.05.11 22:07:17][Logger] ----------> Log opened <----------
[18.05.11 22:07:17][info] Selected language "de"
[18.05.11 22:07:17][success] Language loaded
[18.05.11 22:07:17][Logger] ----------| Log closed |----------
[18.05.11 22:07:31][Logger] ----------> Log opened <----------
[18.05.11 22:07:31][info] Selected language "de"
[18.05.11 22:07:31][success] Language loaded
[18.05.11 22:07:31][Logger] ----------| Log closed |----------
[18.05.11 22:07:54][Logger] ----------> Log opened <----------
[18.05.11 22:07:54][info] Selected language "de"
[18.05.11 22:07:54][success] Language loaded
[18.05.11 22:07:54][Logger] ----------| Log closed |----------
[18.05.11 22:08:08][Logger] ----------> Log opened <----------
[18.05.11 22:08:08][info] Selected language "de"
[18.05.11 22:08:08][success] Language loaded
[18.05.11 22:08:08][Logger] ----------| Log closed |----------
[18.05.11 22:10:19][Logger] ----------> Log opened <----------
[18.05.11 22:10:19][info] Selected language "de"
[18.05.11 22:10:19][success] Language loaded
[18.05.11 22:10:19][Logger] ----------| Log closed |----------
[18.05.11 22:21:04][Logger] ----------> Log opened <----------
[18.05.11 22:21:04][info] Selected language "de"
[18.05.11 22:21:04][success] Language loaded
[18.05.11 22:21:04][Logger] ----------| Log closed |----------
[18.05.11 22:21:22][Logger] ----------> Log opened <----------
[18.05.11 22:21:22][info] Selected language "de"
[18.05.11 22:21:22][success] Language loaded
[18.05.11 22:21:22][Logger] ----------| Log closed |----------
[18.05.11 22:26:26][Logger] ----------> Log opened <----------
[18.05.11 22:26:26][info] Selected language "de"
[18.05.11 22:26:26][success] Language loaded
[18.05.11 22:26:26][Logger] ----------| Log closed |----------
[18.05.11 22:26:34][Logger] ----------> Log opened <----------
[18.05.11 22:26:34][info] Selected language "de"
[18.05.11 22:26:34][success] Language loaded
[18.05.11 22:26:34][Logger] ----------| Log closed |----------
[18.05.11 22:27:23][Logger] ----------> Log opened <----------
[18.05.11 22:27:23][info] Selected language "de"
[18.05.11 22:27:23][success] Language loaded
[18.05.11 22:27:23][Logger] ----------| Log closed |----------
[18.05.11 22:27:38][Logger] ----------> Log opened <----------
[18.05.11 22:27:38][info] Selected language "de"
[18.05.11 22:27:38][success] Language loaded
[18.05.11 22:27:38][Logger] ----------| Log closed |----------
[18.05.11 22:28:37][Logger] ----------> Log opened <----------
[18.05.11 22:28:37][info] Selected language "de"
[18.05.11 22:28:37][success] Language loaded
[18.05.11 22:28:37][Logger] ----------| Log closed |----------
[18.05.11 22:29:03][Logger] ----------> Log opened <----------
[18.05.11 22:29:03][info] Selected language "de"
[18.05.11 22:29:03][success] Language loaded
[18.05.11 22:29:03][Logger] ----------| Log closed |----------
[18.05.11 22:29:05][Logger] ----------> Log opened <----------
[18.05.11 22:29:05][info] Selected language "de"
[18.05.11 22:29:05][success] Language loaded
[18.05.11 22:29:05][Logger] ----------| Log closed |----------
[18.05.11 22:29:34][Logger] ----------> Log opened <----------
[18.05.11 22:29:34][info] Selected language "de"
[18.05.11 22:29:34][success] Language loaded
[18.05.11 22:29:34][Logger] ----------| Log closed |----------
[18.05.11 22:30:35][Logger] ----------> Log opened <----------
[18.05.11 22:30:35][info] Selected language "de"
[18.05.11 22:30:35][success] Language loaded
[18.05.11 22:30:35][Logger] ----------| Log closed |----------
[18.05.11 22:31:22][Logger] ----------> Log opened <----------
[18.05.11 22:31:22][info] Selected language "de"
[18.05.11 22:31:22][success] Language loaded
[18.05.11 22:31:22][Logger] ----------| Log closed |----------
[18.05.11 22:32:04][Logger] ----------> Log opened <----------
[18.05.11 22:32:04][info] Selected language "de"
[18.05.11 22:32:04][success] Language loaded
[18.05.11 22:32:04][Logger] ----------| Log closed |----------
[18.05.11 22:32:08][Logger] ----------> Log opened <----------
[18.05.11 22:32:08][info] Selected language "de"
[18.05.11 22:32:08][success] Language loaded
[18.05.11 22:32:08][Logger] ----------| Log closed |----------
[18.05.11 22:32:15][Logger] ----------> Log opened <----------
[18.05.11 22:32:15][info] Selected language "de"
[18.05.11 22:32:15][success] Language loaded
[18.05.11 22:32:15][Logger] ----------| Log closed |----------
[18.05.11 22:32:19][Logger] ----------> Log opened <----------
[18.05.11 22:32:19][info] Selected language "de"
[18.05.11 22:32:19][success] Language loaded
[18.05.11 22:32:19][Logger] ----------| Log closed |----------
[18.05.11 22:32:27][Logger] ----------> Log opened <----------
[18.05.11 22:32:27][info] Selected language "de"
[18.05.11 22:32:27][success] Language loaded
[18.05.11 22:32:27][Logger] ----------| Log closed |----------
[18.05.11 22:32:37][Logger] ----------> Log opened <----------
[18.05.11 22:32:37][info] Selected language "de"
[18.05.11 22:32:37][success] Language loaded
[18.05.11 22:32:37][Logger] ----------| Log closed |----------
[18.05.11 22:32:50][Logger] ----------> Log opened <----------
[18.05.11 22:32:50][info] Selected language "de"
[18.05.11 22:32:50][success] Language loaded
[18.05.11 22:32:50][Logger] ----------| Log closed |----------
[18.05.11 22:33:13][Logger] ----------> Log opened <----------
[18.05.11 22:33:13][info] Selected language "de"
[18.05.11 22:33:13][success] Language loaded
[18.05.11 22:33:13][Logger] ----------| Log closed |----------
[18.05.11 22:33:16][Logger] ----------> Log opened <----------
[18.05.11 22:33:16][info] Selected language "de"
[18.05.11 22:33:16][success] Language loaded
[18.05.11 22:33:16][Logger] ----------| Log closed |----------
[18.05.11 22:33:37][Logger] ----------> Log opened <----------
[18.05.11 22:33:37][info] Selected language "de"
[18.05.11 22:33:37][success] Language loaded
[18.05.11 22:33:37][Logger] ----------| Log closed |----------
[18.05.11 22:35:58][Logger] ----------> Log opened <----------
[18.05.11 22:35:58][info] Selected language "de"
[18.05.11 22:35:58][success] Language loaded
[18.05.11 22:35:58][Logger] ----------| Log closed |----------
[18.05.11 22:36:29][Logger] ----------> Log opened <----------
[18.05.11 22:36:29][info] Selected language "de"
[18.05.11 22:36:29][success] Language loaded
[18.05.11 22:36:29][Logger] ----------| Log closed |----------
[18.05.11 22:36:35][Logger] ----------> Log opened <----------
[18.05.11 22:36:35][info] Selected language "de"
[18.05.11 22:36:35][success] Language loaded
[18.05.11 22:36:35][Logger] ----------| Log closed |----------
[18.05.11 22:36:50][Logger] ----------> Log opened <----------
[18.05.11 22:36:50][info] Selected language "de"
[18.05.11 22:36:50][success] Language loaded
[18.05.11 22:36:50][Logger] ----------| Log closed |----------
[18.05.11 22:37:33][Logger] ----------> Log opened <----------
[18.05.11 22:37:33][info] Selected language "de"
[18.05.11 22:37:33][success] Language loaded
[18.05.11 22:37:33][Logger] ----------| Log closed |----------
[18.05.11 22:37:33][Logger] ----------> Log opened <----------
[18.05.11 22:37:33][info] Selected language "de"
[18.05.11 22:37:33][success] Language loaded
[18.05.11 22:37:33][Logger] ----------| Log closed |----------
[18.05.11 22:38:51][Logger] ----------> Log opened <----------
[18.05.11 22:38:51][info] Selected language "de"
[18.05.11 22:38:51][success] Language loaded
[18.05.11 22:38:51][Logger] ----------| Log closed |----------
[18.05.11 22:39:11][Logger] ----------> Log opened <----------
[18.05.11 22:39:11][info] Selected language "de"
[18.05.11 22:39:11][success] Language loaded
[18.05.11 22:39:11][Logger] ----------| Log closed |----------
[18.05.11 22:39:19][Logger] ----------> Log opened <----------
[18.05.11 22:39:19][info] Selected language "de"
[18.05.11 22:39:19][success] Language loaded
[18.05.11 22:39:19][Logger] ----------| Log closed |----------
[18.05.11 22:52:56][Logger] ----------> Log opened <----------
[18.05.11 22:52:56][info] Selected language "de"
[18.05.11 22:52:56][success] Language loaded
[18.05.11 22:52:56][Logger] ----------| Log closed |----------
[18.05.11 22:53:21][Logger] ----------> Log opened <----------
[18.05.11 22:53:21][info] Selected language "de"
[18.05.11 22:53:21][success] Language loaded
[18.05.11 22:53:21][Logger] ----------| Log closed |----------
[18.05.11 22:53:32][Logger] ----------> Log opened <----------
[18.05.11 22:53:32][info] Selected language "de"
[18.05.11 22:53:32][success] Language loaded
[18.05.11 22:53:32][Logger] ----------| Log closed |----------
[18.05.11 22:53:35][Logger] ----------> Log opened <----------
[18.05.11 22:53:35][info] Selected language "de"
[18.05.11 22:53:35][success] Language loaded
[18.05.11 22:53:35][Logger] ----------| Log closed |----------
[18.05.11 23:08:41][Logger] ----------> Log opened <----------
[18.05.11 23:08:41][info] Selected language "de"
[18.05.11 23:08:41][success] Language loaded
[18.05.11 23:08:41][Logger] ----------| Log closed |----------
[18.05.11 23:08:41][Logger] ----------> Log opened <----------
[18.05.11 23:08:41][info] Selected language "de"
[18.05.11 23:08:41][success] Language loaded
[18.05.11 23:08:41][Logger] ----------| Log closed |----------
[18.05.11 23:10:06][Logger] ----------> Log opened <----------
[18.05.11 23:10:06][info] Selected language "de"
[18.05.11 23:10:06][success] Language loaded
[18.05.11 23:10:06][Logger] ----------| Log closed |----------
[18.05.11 23:10:09][Logger] ----------> Log opened <----------
[18.05.11 23:10:09][info] Selected language "de"
[18.05.11 23:10:09][success] Language loaded
[18.05.11 23:10:09][Logger] ----------| Log closed |----------
[18.05.11 23:10:21][Logger] ----------> Log opened <----------
[18.05.11 23:10:21][info] Selected language "de"
[18.05.11 23:10:21][success] Language loaded
[18.05.11 23:10:21][Logger] ----------| Log closed |----------
[18.05.11 23:10:29][Logger] ----------> Log opened <----------
[18.05.11 23:10:29][info] Selected language "de"
[18.05.11 23:10:29][success] Language loaded
[18.05.11 23:10:29][Logger] ----------| Log closed |----------
[18.05.11 23:10:37][Logger] ----------> Log opened <----------
[18.05.11 23:10:37][info] Selected language "de"
[18.05.11 23:10:37][success] Language loaded
[18.05.11 23:10:37][Logger] ----------| Log closed |----------
[18.05.11 23:11:05][Logger] ----------> Log opened <----------
[18.05.11 23:11:05][info] Selected language "de"
[18.05.11 23:11:05][success] Language loaded
[18.05.11 23:11:05][Logger] ----------| Log closed |----------
[18.05.11 23:11:09][Logger] ----------> Log opened <----------
[18.05.11 23:11:09][info] Selected language "de"
[18.05.11 23:11:09][success] Language loaded
[18.05.11 23:11:09][Logger] ----------| Log closed |----------
[18.05.11 23:11:09][Logger] ----------> Log opened <----------
[18.05.11 23:11:09][info] Selected language "de"
[18.05.11 23:11:09][success] Language loaded
[18.05.11 23:11:09][Logger] ----------| Log closed |----------
[18.05.11 23:11:20][Logger] ----------> Log opened <----------
[18.05.11 23:11:20][info] Selected language "de"
[18.05.11 23:11:20][success] Language loaded
[18.05.11 23:11:20][Logger] ----------| Log closed |----------
[18.05.11 23:11:45][Logger] ----------> Log opened <----------
[18.05.11 23:11:45][info] Selected language "de"
[18.05.11 23:11:45][success] Language loaded
[18.05.11 23:11:45][Logger] ----------| Log closed |----------
[18.05.11 23:11:47][Logger] ----------> Log opened <----------
[18.05.11 23:11:47][info] Selected language "de"
[18.05.11 23:11:47][success] Language loaded
[18.05.11 23:11:47][Logger] ----------| Log closed |----------
[18.05.11 23:11:58][Logger] ----------> Log opened <----------
[18.05.11 23:11:58][info] Selected language "de"
[18.05.11 23:11:58][success] Language loaded
[18.05.11 23:11:58][Logger] ----------| Log closed |----------
[18.05.11 23:12:01][Logger] ----------> Log opened <----------
[18.05.11 23:12:01][info] Selected language "de"
[18.05.11 23:12:01][success] Language loaded
[18.05.11 23:12:01][Logger] ----------| Log closed |----------
[18.05.11 23:12:01][Logger] ----------> Log opened <----------
[18.05.11 23:12:01][info] Selected language "de"
[18.05.11 23:12:01][success] Language loaded
[18.05.11 23:12:01][Logger] ----------| Log closed |----------
[18.05.11 23:12:12][Logger] ----------> Log opened <----------
[18.05.11 23:12:12][info] Selected language "de"
[18.05.11 23:12:12][success] Language loaded
[18.05.11 23:12:12][Logger] ----------| Log closed |----------
[18.05.11 23:12:15][Logger] ----------> Log opened <----------
[18.05.11 23:12:15][info] Selected language "de"
[18.05.11 23:12:15][success] Language loaded
[18.05.11 23:12:15][Logger] ----------| Log closed |----------
[18.05.11 23:12:21][Logger] ----------> Log opened <----------
[18.05.11 23:12:21][info] Selected language "de"
[18.05.11 23:12:21][success] Language loaded
[18.05.11 23:12:21][Logger] ----------| Log closed |----------
[18.05.11 23:13:00][Logger] ----------> Log opened <----------
[18.05.11 23:13:00][info] Selected language "de"
[18.05.11 23:13:00][success] Language loaded
[18.05.11 23:13:00][Logger] ----------| Log closed |----------
[18.05.11 23:13:25][Logger] ----------> Log opened <----------
[18.05.11 23:13:25][info] Selected language "de"
[18.05.11 23:13:25][success] Language loaded
[18.05.11 23:13:25][Logger] ----------| Log closed |----------
[18.05.11 23:13:47][Logger] ----------> Log opened <----------
[18.05.11 23:13:47][info] Selected language "de"
[18.05.11 23:13:47][success] Language loaded
[18.05.11 23:13:47][Logger] ----------| Log closed |----------
[18.05.11 23:14:01][Logger] ----------> Log opened <----------
[18.05.11 23:14:01][info] Selected language "de"
[18.05.11 23:14:01][success] Language loaded
[18.05.11 23:14:01][Logger] ----------| Log closed |----------
[18.05.11 23:14:15][Logger] ----------> Log opened <----------
[18.05.11 23:14:15][info] Selected language "de"
[18.05.11 23:14:15][success] Language loaded
[18.05.11 23:14:15][Logger] ----------| Log closed |----------
[18.05.11 23:14:56][Logger] ----------> Log opened <----------
[18.05.11 23:14:56][info] Selected language "de"
[18.05.11 23:14:56][success] Language loaded
[18.05.11 23:14:56][Logger] ----------| Log closed |----------
[18.05.11 23:15:20][Logger] ----------> Log opened <----------
[18.05.11 23:15:20][info] Selected language "de"
[18.05.11 23:15:20][success] Language loaded
[18.05.11 23:15:20][Logger] ----------| Log closed |----------
[18.05.11 23:16:00][Logger] ----------> Log opened <----------
[18.05.11 23:16:00][info] Selected language "de"
[18.05.11 23:16:00][success] Language loaded
[18.05.11 23:16:00][Logger] ----------| Log closed |----------
