[13.11.11 17:29:59][Logger] ----------> Log opened <----------
[13.11.11 17:29:59][info] Db Mgr instance requested!
[13.11.11 17:29:59][info] Selected database driver "MySQL"
[13.11.11 17:29:59][info] Db Mgr instance requested!
[13.11.11 17:29:59][info] Db Mgr instance requested!
[13.11.11 17:29:59][info] Db Mgr instance requested!
[13.11.11 17:31:47][Logger] ----------> Log opened <----------
[13.11.11 17:31:47][info] Db Mgr instance requested!
[13.11.11 17:31:47][info] Selected database driver "MySQL"
[13.11.11 17:31:47][info] Db Mgr instance requested!
[13.11.11 17:31:47][info] Db Mgr instance requested!
[13.11.11 17:31:47][info] Db Mgr instance requested!
[13.11.11 17:31:47][Logger] ----------| Log closed |----------
[13.11.11 17:37:34][Logger] ----------> Log opened <----------
[13.11.11 17:37:34][info] Db Mgr instance requested!
[13.11.11 17:37:34][info] Selected database driver "MySQL"
[13.11.11 17:37:34][info] Db Mgr instance requested!
[13.11.11 17:37:34][info] Db Mgr instance requested!
[13.11.11 17:37:34][info] Db Mgr instance requested!
[13.11.11 17:37:34][Logger] ----------| Log closed |----------
[13.11.11 17:39:41][Logger] ----------> Log opened <----------
[13.11.11 17:39:41][info] Db Mgr instance requested!
[13.11.11 17:39:41][info] Selected database driver "MySQL"
[13.11.11 17:39:41][info] Db Mgr instance requested!
[13.11.11 17:39:41][info] Db Mgr instance requested!
[13.11.11 17:39:41][info] Db Mgr instance requested!
[13.11.11 17:39:41][Logger] ----------| Log closed |----------
[13.11.11 17:39:42][Logger] ----------> Log opened <----------
[13.11.11 17:39:42][info] Db Mgr instance requested!
[13.11.11 17:39:42][info] Selected database driver "MySQL"
[13.11.11 17:39:42][info] Db Mgr instance requested!
[13.11.11 17:39:42][info] Db Mgr instance requested!
[13.11.11 17:39:42][info] Db Mgr instance requested!
[13.11.11 17:39:42][Logger] ----------| Log closed |----------
[13.11.11 17:39:43][Logger] ----------> Log opened <----------
[13.11.11 17:39:43][info] Db Mgr instance requested!
[13.11.11 17:39:43][info] Selected database driver "MySQL"
[13.11.11 17:39:43][info] Db Mgr instance requested!
[13.11.11 17:39:43][info] Db Mgr instance requested!
[13.11.11 17:39:43][info] Db Mgr instance requested!
[13.11.11 17:39:43][Logger] ----------| Log closed |----------
[13.11.11 17:46:25][Logger] ----------> Log opened <----------
[13.11.11 17:46:25][info] Db Mgr instance requested!
[13.11.11 17:46:25][info] Selected database driver "MySQL"
[13.11.11 17:46:25][Logger] ----------| Log closed |----------
[13.11.11 17:57:03][Logger] ----------> Log opened <----------
[13.11.11 17:57:03][info] Db Mgr instance requested!
[13.11.11 17:57:03][info] Selected database driver "MySQL"
[13.11.11 17:57:03][info] Db Mgr instance requested!
[13.11.11 17:57:03][info] Db Mgr instance requested!
[13.11.11 17:57:03][Logger] ----------| Log closed |----------
[13.11.11 17:57:49][Logger] ----------> Log opened <----------
[13.11.11 17:57:49][info] Db Mgr instance requested!
[13.11.11 17:57:49][info] Selected database driver "MySQL"
[13.11.11 17:57:49][info] Db Mgr instance requested!
[13.11.11 17:57:49][info] Db Mgr instance requested!
[13.11.11 17:57:49][Logger] ----------| Log closed |----------
[13.11.11 17:58:17][Logger] ----------> Log opened <----------
[13.11.11 17:58:17][info] Db Mgr instance requested!
[13.11.11 17:58:17][info] Selected database driver "MySQL"
[13.11.11 17:58:17][info] Db Mgr instance requested!
[13.11.11 17:58:17][info] Db Mgr instance requested!
[13.11.11 17:58:17][Logger] ----------| Log closed |----------
[13.11.11 17:58:30][Logger] ----------> Log opened <----------
[13.11.11 17:58:30][info] Db Mgr instance requested!
[13.11.11 17:58:30][info] Selected database driver "MySQL"
[13.11.11 17:58:30][info] Db Mgr instance requested!
[13.11.11 17:58:30][info] Db Mgr instance requested!
[13.11.11 17:58:30][info] Db Mgr instance requested!
[13.11.11 17:58:30][Logger] ----------| Log closed |----------
[13.11.11 18:00:43][Logger] ----------> Log opened <----------
[13.11.11 18:00:43][info] Db Mgr instance requested!
[13.11.11 18:00:43][info] Selected database driver "MySQL"
[13.11.11 18:00:43][info] Db Mgr instance requested!
[13.11.11 18:00:43][info] Db Mgr instance requested!
[13.11.11 18:00:43][info] Db Mgr instance requested!
[13.11.11 18:00:43][info] Db Mgr instance requested!
[13.11.11 18:00:43][Logger] ----------| Log closed |----------
[13.11.11 18:00:45][Logger] ----------> Log opened <----------
[13.11.11 18:00:45][info] Db Mgr instance requested!
[13.11.11 18:00:45][info] Selected database driver "MySQL"
[13.11.11 18:00:45][info] Db Mgr instance requested!
[13.11.11 18:00:45][info] Db Mgr instance requested!
[13.11.11 18:00:45][info] Db Mgr instance requested!
[13.11.11 18:00:45][info] Db Mgr instance requested!
[13.11.11 18:00:45][Logger] ----------| Log closed |----------
[13.11.11 18:00:47][Logger] ----------> Log opened <----------
[13.11.11 18:00:47][info] Db Mgr instance requested!
[13.11.11 18:00:47][info] Selected database driver "MySQL"
[13.11.11 18:00:47][info] Db Mgr instance requested!
[13.11.11 18:00:47][info] Db Mgr instance requested!
[13.11.11 18:00:47][info] Db Mgr instance requested!
[13.11.11 18:00:47][info] Db Mgr instance requested!
[13.11.11 18:00:47][Logger] ----------| Log closed |----------
[13.11.11 18:00:47][Logger] ----------> Log opened <----------
[13.11.11 18:00:47][info] Db Mgr instance requested!
[13.11.11 18:00:47][info] Selected database driver "MySQL"
[13.11.11 18:00:48][info] Db Mgr instance requested!
[13.11.11 18:00:48][info] Db Mgr instance requested!
[13.11.11 18:00:48][info] Db Mgr instance requested!
[13.11.11 18:00:48][info] Db Mgr instance requested!
[13.11.11 18:00:48][Logger] ----------| Log closed |----------
[13.11.11 18:00:48][Logger] ----------> Log opened <----------
[13.11.11 18:00:48][info] Db Mgr instance requested!
[13.11.11 18:00:48][info] Selected database driver "MySQL"
[13.11.11 18:00:48][info] Db Mgr instance requested!
[13.11.11 18:00:48][info] Db Mgr instance requested!
[13.11.11 18:00:48][info] Db Mgr instance requested!
[13.11.11 18:00:48][info] Db Mgr instance requested!
[13.11.11 18:00:48][Logger] ----------| Log closed |----------
[13.11.11 18:00:48][Logger] ----------> Log opened <----------
[13.11.11 18:00:48][info] Db Mgr instance requested!
[13.11.11 18:00:48][info] Selected database driver "MySQL"
[13.11.11 18:00:48][info] Db Mgr instance requested!
[13.11.11 18:00:48][info] Db Mgr instance requested!
[13.11.11 18:00:48][info] Db Mgr instance requested!
[13.11.11 18:00:48][info] Db Mgr instance requested!
[13.11.11 18:00:48][Logger] ----------| Log closed |----------
[13.11.11 18:00:48][Logger] ----------> Log opened <----------
[13.11.11 18:00:48][info] Db Mgr instance requested!
[13.11.11 18:00:48][info] Selected database driver "MySQL"
[13.11.11 18:00:48][info] Db Mgr instance requested!
[13.11.11 18:00:48][info] Db Mgr instance requested!
[13.11.11 18:00:48][info] Db Mgr instance requested!
[13.11.11 18:00:48][info] Db Mgr instance requested!
[13.11.11 18:00:48][Logger] ----------| Log closed |----------
[13.11.11 18:17:06][Logger] ----------> Log opened <----------
[13.11.11 18:17:06][info] Db Mgr instance requested!
[13.11.11 18:17:06][info] Selected database driver "MySQL"
[13.11.11 18:17:06][info] Db Mgr instance requested!
[13.11.11 18:17:06][Logger] ----------| Log closed |----------
[13.11.11 18:19:09][Logger] ----------> Log opened <----------
[13.11.11 18:19:09][info] Db Mgr instance requested!
[13.11.11 18:19:09][info] Selected database driver "MySQL"
[13.11.11 18:19:09][info] Db Mgr instance requested!
[13.11.11 18:19:09][Logger] ----------| Log closed |----------
[13.11.11 18:19:55][Logger] ----------> Log opened <----------
[13.11.11 18:19:55][info] Db Mgr instance requested!
[13.11.11 18:19:55][info] Selected database driver "MySQL"
[13.11.11 18:19:55][info] Db Mgr instance requested!
[13.11.11 18:19:55][Logger] ----------| Log closed |----------
[13.11.11 18:20:07][Logger] ----------> Log opened <----------
[13.11.11 18:20:07][info] Db Mgr instance requested!
[13.11.11 18:20:07][info] Selected database driver "MySQL"
[13.11.11 18:20:07][info] Db Mgr instance requested!
[13.11.11 18:20:07][info] Db Mgr instance requested!
[13.11.11 18:20:07][info] Db Mgr instance requested!
[13.11.11 18:20:07][info] Db Mgr instance requested!
[13.11.11 18:20:07][Logger] ----------| Log closed |----------
[13.11.11 18:23:15][Logger] ----------> Log opened <----------
[13.11.11 18:23:15][info] Db Mgr instance requested!
[13.11.11 18:23:15][info] Selected database driver "MySQL"
[13.11.11 18:23:15][info] Db Mgr instance requested!
[13.11.11 18:23:15][info] Db Mgr instance requested!
[13.11.11 18:23:15][info] Db Mgr instance requested!
[13.11.11 18:23:15][info] Db Mgr instance requested!
[13.11.11 18:23:15][Logger] ----------| Log closed |----------
[13.11.11 18:23:26][Logger] ----------> Log opened <----------
[13.11.11 18:23:26][info] Db Mgr instance requested!
[13.11.11 18:23:26][info] Selected database driver "MySQL"
[13.11.11 18:23:26][info] Db Mgr instance requested!
[13.11.11 18:23:26][info] Db Mgr instance requested!
[13.11.11 18:23:26][info] Db Mgr instance requested!
[13.11.11 18:23:26][info] Db Mgr instance requested!
[13.11.11 18:23:26][Logger] ----------| Log closed |----------
[13.11.11 18:23:50][Logger] ----------> Log opened <----------
[13.11.11 18:23:50][info] Db Mgr instance requested!
[13.11.11 18:23:50][info] Selected database driver "MySQL"
[13.11.11 18:23:50][info] Db Mgr instance requested!
[13.11.11 18:23:50][info] Db Mgr instance requested!
[13.11.11 18:23:50][info] Db Mgr instance requested!
[13.11.11 18:23:50][info] Db Mgr instance requested!
[13.11.11 18:23:50][Logger] ----------| Log closed |----------
[13.11.11 18:24:31][Logger] ----------> Log opened <----------
[13.11.11 18:24:31][info] Db Mgr instance requested!
[13.11.11 18:24:31][info] Selected database driver "MySQL"
[13.11.11 18:24:31][info] Db Mgr instance requested!
[13.11.11 18:24:31][info] Db Mgr instance requested!
[13.11.11 18:24:31][Logger] ----------| Log closed |----------
[13.11.11 18:26:52][Logger] ----------> Log opened <----------
[13.11.11 18:26:52][info] Db Mgr instance requested!
[13.11.11 18:26:52][info] Selected database driver "MySQL"
[13.11.11 18:26:52][info] Db Mgr instance requested!
[13.11.11 18:26:52][Logger] ----------| Log closed |----------
[13.11.11 18:27:25][Logger] ----------> Log opened <----------
[13.11.11 18:27:25][info] Db Mgr instance requested!
[13.11.11 18:27:25][info] Selected database driver "MySQL"
[13.11.11 18:27:25][info] Db Mgr instance requested!
[13.11.11 18:27:25][Logger] ----------| Log closed |----------
[13.11.11 18:28:34][Logger] ----------> Log opened <----------
[13.11.11 18:28:34][info] Db Mgr instance requested!
[13.11.11 18:28:34][info] Selected database driver "MySQL"
[13.11.11 18:28:34][info] Db Mgr instance requested!
[13.11.11 18:28:34][Logger] ----------| Log closed |----------
[13.11.11 18:28:45][Logger] ----------> Log opened <----------
[13.11.11 18:28:45][info] Db Mgr instance requested!
[13.11.11 18:28:45][info] Selected database driver "MySQL"
[13.11.11 18:28:45][info] Db Mgr instance requested!
[13.11.11 18:28:45][Logger] ----------| Log closed |----------
[13.11.11 18:29:03][Logger] ----------> Log opened <----------
[13.11.11 18:29:03][info] Db Mgr instance requested!
[13.11.11 18:29:03][info] Selected database driver "MySQL"
[13.11.11 18:29:03][info] Db Mgr instance requested!
[13.11.11 18:29:03][Logger] ----------| Log closed |----------
[13.11.11 18:29:15][Logger] ----------> Log opened <----------
[13.11.11 18:29:15][info] Db Mgr instance requested!
[13.11.11 18:29:15][info] Selected database driver "MySQL"
[13.11.11 18:29:15][info] Db Mgr instance requested!
[13.11.11 18:29:15][Logger] ----------| Log closed |----------
[13.11.11 18:29:26][Logger] ----------> Log opened <----------
[13.11.11 18:29:26][info] Db Mgr instance requested!
[13.11.11 18:29:26][info] Selected database driver "MySQL"
[13.11.11 18:29:26][info] Db Mgr instance requested!
[13.11.11 18:29:26][Logger] ----------| Log closed |----------
[13.11.11 18:30:11][Logger] ----------> Log opened <----------
[13.11.11 18:30:11][info] Db Mgr instance requested!
[13.11.11 18:30:11][info] Selected database driver "MySQL"
[13.11.11 18:30:11][info] Db Mgr instance requested!
[13.11.11 18:30:11][Logger] ----------| Log closed |----------
[13.11.11 18:30:47][Logger] ----------> Log opened <----------
[13.11.11 18:30:47][info] Db Mgr instance requested!
[13.11.11 18:30:47][info] Selected database driver "MySQL"
[13.11.11 18:30:47][info] Db Mgr instance requested!
[13.11.11 18:30:47][info] Db Mgr instance requested!
[13.11.11 18:30:47][Logger] ----------| Log closed |----------
[13.11.11 18:31:44][Logger] ----------> Log opened <----------
[13.11.11 18:31:44][info] Db Mgr instance requested!
[13.11.11 18:31:44][info] Selected database driver "MySQL"
[13.11.11 18:31:44][Logger] ----------| Log closed |----------
[13.11.11 18:31:44][Logger] ----------> Log opened <----------
[13.11.11 18:31:44][info] Db Mgr instance requested!
[13.11.11 18:31:44][info] Selected database driver "MySQL"
[13.11.11 18:31:44][Logger] ----------| Log closed |----------
[13.11.11 18:31:44][Logger] ----------> Log opened <----------
[13.11.11 18:31:44][info] Db Mgr instance requested!
[13.11.11 18:31:44][info] Selected database driver "MySQL"
[13.11.11 18:31:44][Logger] ----------| Log closed |----------
[13.11.11 18:31:51][Logger] ----------> Log opened <----------
[13.11.11 18:31:51][info] Db Mgr instance requested!
[13.11.11 18:31:51][info] Selected database driver "MySQL"
[13.11.11 18:31:53][Logger] ----------> Log opened <----------
[13.11.11 18:31:53][info] Db Mgr instance requested!
[13.11.11 18:31:53][info] Selected database driver "MySQL"
[13.11.11 18:32:18][Logger] ----------> Log opened <----------
[13.11.11 18:32:18][info] Db Mgr instance requested!
[13.11.11 18:32:18][info] Selected database driver "MySQL"
[13.11.11 18:32:18][info] Db Mgr instance requested!
[13.11.11 18:32:18][Logger] ----------| Log closed |----------
[13.11.11 18:33:31][Logger] ----------> Log opened <----------
[13.11.11 18:33:31][info] Db Mgr instance requested!
[13.11.11 18:33:31][info] Selected database driver "MySQL"
[13.11.11 18:33:31][info] Db Mgr instance requested!
[13.11.11 18:33:31][info] Db Mgr instance requested!
[13.11.11 18:33:31][Logger] ----------| Log closed |----------
[13.11.11 18:37:18][Logger] ----------> Log opened <----------
[13.11.11 18:37:18][info] Db Mgr instance requested!
[13.11.11 18:37:18][info] Selected database driver "MySQL"
[13.11.11 18:37:18][Logger] ----------| Log closed |----------
[13.11.11 18:37:18][Logger] ----------> Log opened <----------
[13.11.11 18:37:18][info] Db Mgr instance requested!
[13.11.11 18:37:18][info] Selected database driver "MySQL"
[13.11.11 18:37:18][Logger] ----------| Log closed |----------
[13.11.11 18:37:22][Logger] ----------> Log opened <----------
[13.11.11 18:37:22][info] Db Mgr instance requested!
[13.11.11 18:37:22][info] Selected database driver "MySQL"
[13.11.11 18:37:25][Logger] ----------> Log opened <----------
[13.11.11 18:37:25][info] Db Mgr instance requested!
[13.11.11 18:37:25][info] Selected database driver "MySQL"
[13.11.11 18:38:07][Logger] ----------> Log opened <----------
[13.11.11 18:38:07][info] Db Mgr instance requested!
[13.11.11 18:38:07][info] Selected database driver "MySQL"
[13.11.11 18:38:07][Logger] ----------> Log opened <----------
[13.11.11 18:38:07][info] Db Mgr instance requested!
[13.11.11 18:38:07][info] Selected database driver "MySQL"
[13.11.11 18:38:07][Logger] ----------| Log closed |----------
[13.11.11 18:47:15][Logger] ----------> Log opened <----------
[13.11.11 18:47:15][info] Db Mgr instance requested!
[13.11.11 18:47:15][info] Selected database driver "MySQL"
[13.11.11 18:47:15][Logger] ----------> Log opened <----------
[13.11.11 18:47:15][info] Db Mgr instance requested!
[13.11.11 18:47:15][info] Selected database driver "MySQL"
[13.11.11 18:47:15][Logger] ----------| Log closed |----------
[13.11.11 18:47:27][Logger] ----------> Log opened <----------
[13.11.11 18:47:27][info] Db Mgr instance requested!
[13.11.11 18:47:27][info] Selected database driver "MySQL"
[13.11.11 18:47:36][Logger] ----------> Log opened <----------
[13.11.11 18:47:36][info] Db Mgr instance requested!
[13.11.11 18:47:36][info] Selected database driver "MySQL"
[13.11.11 18:47:37][Logger] ----------| Log closed |----------
[13.11.11 18:49:15][Logger] ----------> Log opened <----------
[13.11.11 18:49:15][info] Db Mgr instance requested!
[13.11.11 18:49:15][info] Selected database driver "MySQL"
[13.11.11 18:49:16][Logger] ----------| Log closed |----------
[13.11.11 18:51:15][Logger] ----------> Log opened <----------
[13.11.11 18:51:15][info] Db Mgr instance requested!
[13.11.11 18:51:15][info] Selected database driver "MySQL"
[13.11.11 18:51:16][Logger] ----------| Log closed |----------
[13.11.11 18:51:49][Logger] ----------> Log opened <----------
[13.11.11 18:51:49][info] Db Mgr instance requested!
[13.11.11 18:51:49][info] Selected database driver "MySQL"
[13.11.11 18:51:50][Logger] ----------| Log closed |----------
[13.11.11 18:53:17][Logger] ----------> Log opened <----------
[13.11.11 18:53:17][info] Db Mgr instance requested!
[13.11.11 18:53:17][info] Selected database driver "MySQL"
[13.11.11 18:53:17][info] Db Mgr instance requested!
[13.11.11 18:53:17][Logger] ----------| Log closed |----------
[13.11.11 18:55:30][Logger] ----------> Log opened <----------
[13.11.11 18:55:30][info] Db Mgr instance requested!
[13.11.11 18:55:30][info] Selected database driver "MySQL"
[13.11.11 18:55:30][info] Db Mgr instance requested!
[13.11.11 18:55:30][Logger] ----------| Log closed |----------
[13.11.11 18:58:15][Logger] ----------> Log opened <----------
[13.11.11 18:58:15][info] Db Mgr instance requested!
[13.11.11 18:58:15][info] Selected database driver "MySQL"
[13.11.11 18:58:15][info] Db Mgr instance requested!
[13.11.11 18:58:15][Logger] ----------| Log closed |----------
[13.11.11 18:58:22][Logger] ----------> Log opened <----------
[13.11.11 18:58:22][info] Db Mgr instance requested!
[13.11.11 18:58:22][info] Selected database driver "MySQL"
[13.11.11 18:58:22][info] Db Mgr instance requested!
[13.11.11 18:58:22][Logger] ----------| Log closed |----------
[13.11.11 19:08:16][Logger] ----------> Log opened <----------
[13.11.11 19:08:16][info] Db Mgr instance requested!
[13.11.11 19:08:16][info] Selected database driver "MySQL"
[13.11.11 19:08:16][Logger] ----------> Log opened <----------
[13.11.11 19:08:16][info] Db Mgr instance requested!
[13.11.11 19:08:16][info] Selected database driver "MySQL"
[13.11.11 19:08:16][Logger] ----------| Log closed |----------
[13.11.11 19:08:25][Logger] ----------> Log opened <----------
[13.11.11 19:08:25][info] Db Mgr instance requested!
[13.11.11 19:08:25][info] Selected database driver "MySQL"
[13.11.11 19:08:25][Logger] ----------> Log opened <----------
[13.11.11 19:08:25][info] Db Mgr instance requested!
[13.11.11 19:08:25][info] Selected database driver "MySQL"
[13.11.11 19:08:25][Logger] ----------| Log closed |----------
[13.11.11 19:10:37][Logger] ----------> Log opened <----------
[13.11.11 19:10:37][info] Db Mgr instance requested!
[13.11.11 19:10:37][info] Selected database driver "MySQL"
[13.11.11 19:10:38][Logger] ----------| Log closed |----------
[13.11.11 19:10:38][Logger] ----------> Log opened <----------
[13.11.11 19:10:38][info] Db Mgr instance requested!
[13.11.11 19:10:38][info] Selected database driver "MySQL"
[13.11.11 19:10:38][Logger] ----------| Log closed |----------
[13.11.11 19:10:38][Logger] ----------> Log opened <----------
[13.11.11 19:10:38][info] Db Mgr instance requested!
[13.11.11 19:10:38][info] Selected database driver "MySQL"
[13.11.11 19:10:38][info] Db Mgr instance requested!
[13.11.11 19:10:38][Logger] ----------| Log closed |----------
[13.11.11 19:10:38][Logger] ----------> Log opened <----------
[13.11.11 19:10:38][info] Db Mgr instance requested!
[13.11.11 19:10:38][info] Selected database driver "MySQL"
[13.11.11 19:10:38][info] Db Mgr instance requested!
[13.11.11 19:10:38][Logger] ----------| Log closed |----------
[13.11.11 19:10:43][Logger] ----------> Log opened <----------
[13.11.11 19:10:43][info] Db Mgr instance requested!
[13.11.11 19:10:43][info] Selected database driver "MySQL"
[13.11.11 19:10:43][info] Db Mgr instance requested!
[13.11.11 19:10:43][Logger] ----------| Log closed |----------
[13.11.11 19:10:48][Logger] ----------> Log opened <----------
[13.11.11 19:10:48][info] Db Mgr instance requested!
[13.11.11 19:10:48][info] Selected database driver "MySQL"
[13.11.11 19:10:48][info] Db Mgr instance requested!
[13.11.11 19:10:48][Logger] ----------| Log closed |----------
[13.11.11 19:10:53][Logger] ----------> Log opened <----------
[13.11.11 19:10:53][info] Db Mgr instance requested!
[13.11.11 19:10:53][info] Selected database driver "MySQL"
[13.11.11 19:10:53][info] Db Mgr instance requested!
[13.11.11 19:10:53][Logger] ----------| Log closed |----------
[13.11.11 19:10:58][Logger] ----------> Log opened <----------
[13.11.11 19:10:58][info] Db Mgr instance requested!
[13.11.11 19:10:58][info] Selected database driver "MySQL"
[13.11.11 19:10:58][info] Db Mgr instance requested!
[13.11.11 19:10:58][Logger] ----------| Log closed |----------
[13.11.11 19:11:03][Logger] ----------> Log opened <----------
[13.11.11 19:11:03][info] Db Mgr instance requested!
[13.11.11 19:11:03][info] Selected database driver "MySQL"
[13.11.11 19:11:03][info] Db Mgr instance requested!
[13.11.11 19:11:03][Logger] ----------| Log closed |----------
[13.11.11 19:11:08][Logger] ----------> Log opened <----------
[13.11.11 19:11:08][info] Db Mgr instance requested!
[13.11.11 19:11:08][info] Selected database driver "MySQL"
[13.11.11 19:11:08][info] Db Mgr instance requested!
[13.11.11 19:11:08][Logger] ----------| Log closed |----------
[13.11.11 19:11:13][Logger] ----------> Log opened <----------
[13.11.11 19:11:13][info] Db Mgr instance requested!
[13.11.11 19:11:13][info] Selected database driver "MySQL"
[13.11.11 19:11:13][info] Db Mgr instance requested!
[13.11.11 19:11:13][Logger] ----------| Log closed |----------
[13.11.11 19:11:18][Logger] ----------> Log opened <----------
[13.11.11 19:11:18][info] Db Mgr instance requested!
[13.11.11 19:11:18][info] Selected database driver "MySQL"
[13.11.11 19:11:18][info] Db Mgr instance requested!
[13.11.11 19:11:18][Logger] ----------| Log closed |----------
[13.11.11 19:11:22][Logger] ----------> Log opened <----------
[13.11.11 19:11:22][info] Db Mgr instance requested!
[13.11.11 19:11:22][info] Selected database driver "MySQL"
[13.11.11 19:11:22][Logger] ----------| Log closed |----------
[13.11.11 19:11:23][Logger] ----------> Log opened <----------
[13.11.11 19:11:23][info] Db Mgr instance requested!
[13.11.11 19:11:23][info] Selected database driver "MySQL"
[13.11.11 19:11:23][Logger] ----------| Log closed |----------
[13.11.11 19:11:23][Logger] ----------> Log opened <----------
[13.11.11 19:11:23][info] Db Mgr instance requested!
[13.11.11 19:11:23][info] Selected database driver "MySQL"
[13.11.11 19:11:23][info] Db Mgr instance requested!
[13.11.11 19:11:23][Logger] ----------| Log closed |----------
[13.11.11 19:11:23][Logger] ----------> Log opened <----------
[13.11.11 19:11:23][info] Db Mgr instance requested!
[13.11.11 19:11:23][info] Selected database driver "MySQL"
[13.11.11 19:11:23][info] Db Mgr instance requested!
[13.11.11 19:11:23][Logger] ----------| Log closed |----------
[13.11.11 19:11:25][Logger] ----------> Log opened <----------
[13.11.11 19:11:25][info] Db Mgr instance requested!
[13.11.11 19:11:25][info] Selected database driver "MySQL"
[13.11.11 19:11:25][Logger] ----------| Log closed |----------
[13.11.11 19:11:25][Logger] ----------> Log opened <----------
[13.11.11 19:11:25][info] Db Mgr instance requested!
[13.11.11 19:11:25][info] Selected database driver "MySQL"
[13.11.11 19:11:25][info] Db Mgr instance requested!
[13.11.11 19:11:25][Logger] ----------| Log closed |----------
[13.11.11 19:11:25][Logger] ----------> Log opened <----------
[13.11.11 19:11:25][info] Db Mgr instance requested!
[13.11.11 19:11:25][info] Selected database driver "MySQL"
[13.11.11 19:11:25][info] Db Mgr instance requested!
[13.11.11 19:11:25][Logger] ----------| Log closed |----------
[13.11.11 19:11:25][Logger] ----------> Log opened <----------
[13.11.11 19:11:25][info] Db Mgr instance requested!
[13.11.11 19:11:25][info] Selected database driver "MySQL"
[13.11.11 19:11:26][Logger] ----------| Log closed |----------
[13.11.11 19:11:26][Logger] ----------> Log opened <----------
[13.11.11 19:11:26][info] Db Mgr instance requested!
[13.11.11 19:11:26][info] Selected database driver "MySQL"
[13.11.11 19:11:27][Logger] ----------| Log closed |----------
[13.11.11 19:11:27][Logger] ----------> Log opened <----------
[13.11.11 19:11:27][info] Db Mgr instance requested!
[13.11.11 19:11:27][info] Selected database driver "MySQL"
[13.11.11 19:11:27][Logger] ----------| Log closed |----------
[13.11.11 19:11:27][Logger] ----------> Log opened <----------
[13.11.11 19:11:27][info] Db Mgr instance requested!
[13.11.11 19:11:27][info] Selected database driver "MySQL"
[13.11.11 19:11:27][Logger] ----------| Log closed |----------
[13.11.11 19:11:27][Logger] ----------> Log opened <----------
[13.11.11 19:11:27][info] Db Mgr instance requested!
[13.11.11 19:11:27][info] Selected database driver "MySQL"
[13.11.11 19:11:27][info] Db Mgr instance requested!
[13.11.11 19:11:27][Logger] ----------| Log closed |----------
[13.11.11 19:11:32][Logger] ----------> Log opened <----------
[13.11.11 19:11:32][info] Db Mgr instance requested!
[13.11.11 19:11:32][info] Selected database driver "MySQL"
[13.11.11 19:11:32][Logger] ----------| Log closed |----------
[13.11.11 19:11:32][Logger] ----------> Log opened <----------
[13.11.11 19:11:32][info] Db Mgr instance requested!
[13.11.11 19:11:32][info] Selected database driver "MySQL"
[13.11.11 19:11:32][Logger] ----------| Log closed |----------
[13.11.11 19:11:32][Logger] ----------> Log opened <----------
[13.11.11 19:11:32][info] Db Mgr instance requested!
[13.11.11 19:11:32][info] Selected database driver "MySQL"
[13.11.11 19:11:32][Logger] ----------| Log closed |----------
[13.11.11 19:11:32][Logger] ----------> Log opened <----------
[13.11.11 19:11:32][info] Db Mgr instance requested!
[13.11.11 19:11:32][info] Selected database driver "MySQL"
[13.11.11 19:11:32][Logger] ----------| Log closed |----------
[13.11.11 19:11:34][Logger] ----------> Log opened <----------
[13.11.11 19:11:34][info] Db Mgr instance requested!
[13.11.11 19:11:34][info] Selected database driver "MySQL"
[13.11.11 19:11:34][Logger] ----------| Log closed |----------
[13.11.11 19:11:34][Logger] ----------> Log opened <----------
[13.11.11 19:11:34][info] Db Mgr instance requested!
[13.11.11 19:11:34][info] Selected database driver "MySQL"
[13.11.11 19:11:34][Logger] ----------| Log closed |----------
[13.11.11 19:11:35][Logger] ----------> Log opened <----------
[13.11.11 19:11:35][info] Db Mgr instance requested!
[13.11.11 19:11:35][info] Selected database driver "MySQL"
[13.11.11 19:11:35][info] Db Mgr instance requested!
[13.11.11 19:11:35][Logger] ----------| Log closed |----------
[13.11.11 19:11:36][Logger] ----------> Log opened <----------
[13.11.11 19:11:36][info] Db Mgr instance requested!
[13.11.11 19:11:36][info] Selected database driver "MySQL"
[13.11.11 19:11:36][Logger] ----------| Log closed |----------
[13.11.11 19:11:36][Logger] ----------> Log opened <----------
[13.11.11 19:11:36][info] Db Mgr instance requested!
[13.11.11 19:11:36][info] Selected database driver "MySQL"
[13.11.11 19:11:36][info] Db Mgr instance requested!
[13.11.11 19:11:36][Logger] ----------| Log closed |----------
[13.11.11 19:11:36][Logger] ----------> Log opened <----------
[13.11.11 19:11:36][info] Db Mgr instance requested!
[13.11.11 19:11:36][info] Selected database driver "MySQL"
[13.11.11 19:11:36][info] Db Mgr instance requested!
[13.11.11 19:11:36][Logger] ----------| Log closed |----------
[13.11.11 19:11:38][Logger] ----------> Log opened <----------
[13.11.11 19:11:38][info] Db Mgr instance requested!
[13.11.11 19:11:38][info] Selected database driver "MySQL"
[13.11.11 19:11:38][Logger] ----------| Log closed |----------
[13.11.11 19:11:41][Logger] ----------> Log opened <----------
[13.11.11 19:11:41][info] Db Mgr instance requested!
[13.11.11 19:11:41][info] Selected database driver "MySQL"
[13.11.11 19:11:41][info] Db Mgr instance requested!
[13.11.11 19:11:41][info] Db Mgr instance requested!
[13.11.11 19:11:41][info] Db Mgr instance requested!
[13.11.11 19:11:41][info] Db Mgr instance requested!
[13.11.11 19:11:41][Logger] ----------| Log closed |----------
[13.11.11 19:11:46][Logger] ----------> Log opened <----------
[13.11.11 19:11:46][info] Db Mgr instance requested!
[13.11.11 19:11:46][info] Selected database driver "MySQL"
[13.11.11 19:11:46][Logger] ----------| Log closed |----------
[13.11.11 19:11:46][Logger] ----------> Log opened <----------
[13.11.11 19:11:46][info] Db Mgr instance requested!
[13.11.11 19:11:46][info] Selected database driver "MySQL"
[13.11.11 19:11:46][info] Db Mgr instance requested!
[13.11.11 19:11:46][Logger] ----------| Log closed |----------
[13.11.11 19:11:47][Logger] ----------> Log opened <----------
[13.11.11 19:11:47][info] Db Mgr instance requested!
[13.11.11 19:11:47][info] Selected database driver "MySQL"
[13.11.11 19:11:47][Logger] ----------| Log closed |----------
[13.11.11 19:11:48][Logger] ----------> Log opened <----------
[13.11.11 19:11:48][info] Db Mgr instance requested!
[13.11.11 19:11:48][info] Selected database driver "MySQL"
[13.11.11 19:11:48][info] Db Mgr instance requested!
[13.11.11 19:11:48][Logger] ----------| Log closed |----------
[13.11.11 19:11:50][Logger] ----------> Log opened <----------
[13.11.11 19:11:50][info] Db Mgr instance requested!
[13.11.11 19:11:50][info] Selected database driver "MySQL"
[13.11.11 19:11:50][Logger] ----------| Log closed |----------
[13.11.11 19:11:50][Logger] ----------> Log opened <----------
[13.11.11 19:11:50][info] Db Mgr instance requested!
[13.11.11 19:11:50][info] Selected database driver "MySQL"
[13.11.11 19:11:50][info] Db Mgr instance requested!
[13.11.11 19:11:50][Logger] ----------| Log closed |----------
[13.11.11 20:09:25][Logger] ----------> Log opened <----------
[13.11.11 20:09:25][info] Db Mgr instance requested!
[13.11.11 20:09:25][info] Selected database driver "MySQL"
[13.11.11 20:09:25][Logger] ----------| Log closed |----------
[13.11.11 20:09:44][Logger] ----------> Log opened <----------
[13.11.11 20:09:44][info] Db Mgr instance requested!
[13.11.11 20:09:44][info] Selected database driver "MySQL"
[13.11.11 20:09:44][Logger] ----------| Log closed |----------
[13.11.11 20:51:37][Logger] ----------> Log opened <----------
[13.11.11 20:51:37][info] Db Mgr instance requested!
[13.11.11 20:51:37][info] Selected database driver "MySQL"
[13.11.11 20:51:37][info] Db Mgr instance requested!
[13.11.11 20:51:37][info] Db Mgr instance requested!
[13.11.11 20:51:37][Logger] ----------| Log closed |----------
[13.11.11 20:51:37][Logger] ----------> Log opened <----------
[13.11.11 20:51:37][info] Db Mgr instance requested!
[13.11.11 20:51:37][info] Selected database driver "MySQL"
[13.11.11 20:51:37][Logger] ----------| Log closed |----------
[13.11.11 20:51:51][Logger] ----------> Log opened <----------
[13.11.11 20:51:51][info] Db Mgr instance requested!
[13.11.11 20:51:51][info] Selected database driver "MySQL"
[13.11.11 20:51:51][Logger] ----------| Log closed |----------
[13.11.11 20:52:09][Logger] ----------> Log opened <----------
[13.11.11 20:52:09][info] Db Mgr instance requested!
[13.11.11 20:52:09][info] Selected database driver "MySQL"
[13.11.11 20:52:09][Logger] ----------| Log closed |----------
[13.11.11 20:52:09][Logger] ----------> Log opened <----------
[13.11.11 20:52:09][info] Db Mgr instance requested!
[13.11.11 20:52:09][info] Selected database driver "MySQL"
[13.11.11 20:52:09][Logger] ----------| Log closed |----------
[13.11.11 21:06:40][Logger] ----------> Log opened <----------
[13.11.11 21:06:40][info] Db Mgr instance requested!
[13.11.11 21:06:40][info] Selected database driver "MySQL"
[13.11.11 21:06:40][Logger] ----------| Log closed |----------
[13.11.11 21:06:40][Logger] ----------> Log opened <----------
[13.11.11 21:06:40][info] Db Mgr instance requested!
[13.11.11 21:06:40][info] Selected database driver "MySQL"
[13.11.11 21:06:40][Logger] ----------| Log closed |----------
[13.11.11 21:07:24][Logger] ----------> Log opened <----------
[13.11.11 21:07:24][info] Db Mgr instance requested!
[13.11.11 21:07:24][info] Selected database driver "MySQL"
[13.11.11 21:07:24][Logger] ----------| Log closed |----------
[13.11.11 21:07:24][Logger] ----------> Log opened <----------
[13.11.11 21:07:24][info] Db Mgr instance requested!
[13.11.11 21:07:24][info] Selected database driver "MySQL"
[13.11.11 21:07:24][Logger] ----------| Log closed |----------
[13.11.11 21:07:44][Logger] ----------> Log opened <----------
[13.11.11 21:07:44][info] Db Mgr instance requested!
[13.11.11 21:07:44][info] Selected database driver "MySQL"
[13.11.11 21:07:44][Logger] ----------| Log closed |----------
[13.11.11 21:07:44][Logger] ----------> Log opened <----------
[13.11.11 21:07:44][info] Db Mgr instance requested!
[13.11.11 21:07:44][info] Selected database driver "MySQL"
[13.11.11 21:07:44][Logger] ----------| Log closed |----------
[13.11.11 21:09:29][Logger] ----------> Log opened <----------
[13.11.11 21:09:29][info] Db Mgr instance requested!
[13.11.11 21:09:29][info] Selected database driver "MySQL"
[13.11.11 21:09:29][Logger] ----------| Log closed |----------
[13.11.11 21:10:21][Logger] ----------> Log opened <----------
[13.11.11 21:10:21][info] Db Mgr instance requested!
[13.11.11 21:10:21][info] Selected database driver "MySQL"
[13.11.11 21:10:21][Logger] ----------| Log closed |----------
[13.11.11 21:10:21][Logger] ----------> Log opened <----------
[13.11.11 21:10:21][info] Db Mgr instance requested!
[13.11.11 21:10:21][info] Selected database driver "MySQL"
[13.11.11 21:10:21][Logger] ----------| Log closed |----------
[13.11.11 21:11:03][Logger] ----------> Log opened <----------
[13.11.11 21:11:03][info] Db Mgr instance requested!
[13.11.11 21:11:03][info] Selected database driver "MySQL"
[13.11.11 21:11:03][Logger] ----------| Log closed |----------
[13.11.11 21:11:04][Logger] ----------> Log opened <----------
[13.11.11 21:11:04][info] Db Mgr instance requested!
[13.11.11 21:11:04][info] Selected database driver "MySQL"
[13.11.11 21:11:04][Logger] ----------| Log closed |----------
[13.11.11 21:11:14][Logger] ----------> Log opened <----------
[13.11.11 21:11:14][info] Db Mgr instance requested!
[13.11.11 21:11:14][info] Selected database driver "MySQL"
[13.11.11 21:11:14][info] Db Mgr instance requested!
[13.11.11 21:11:14][Logger] ----------| Log closed |----------
[13.11.11 21:18:02][Logger] ----------> Log opened <----------
[13.11.11 21:18:02][info] Db Mgr instance requested!
[13.11.11 21:18:02][info] Selected database driver "MySQL"
[13.11.11 21:18:02][info] Db Mgr instance requested!
[13.11.11 21:18:02][Logger] ----------| Log closed |----------
[13.11.11 21:18:09][Logger] ----------> Log opened <----------
[13.11.11 21:18:09][info] Db Mgr instance requested!
[13.11.11 21:18:09][info] Selected database driver "MySQL"
[13.11.11 21:18:09][Logger] ----------| Log closed |----------
[13.11.11 21:18:09][Logger] ----------> Log opened <----------
[13.11.11 21:18:09][info] Db Mgr instance requested!
[13.11.11 21:18:09][info] Selected database driver "MySQL"
[13.11.11 21:18:09][Logger] ----------| Log closed |----------
[13.11.11 21:18:11][Logger] ----------> Log opened <----------
[13.11.11 21:18:11][info] Db Mgr instance requested!
[13.11.11 21:18:11][info] Selected database driver "MySQL"
[13.11.11 21:18:11][Logger] ----------| Log closed |----------
[13.11.11 21:18:11][Logger] ----------> Log opened <----------
[13.11.11 21:18:11][info] Db Mgr instance requested!
[13.11.11 21:18:11][info] Selected database driver "MySQL"
[13.11.11 21:18:11][Logger] ----------| Log closed |----------
[13.11.11 21:18:14][Logger] ----------> Log opened <----------
[13.11.11 21:18:14][info] Db Mgr instance requested!
[13.11.11 21:18:14][info] Selected database driver "MySQL"
[13.11.11 21:18:14][Logger] ----------| Log closed |----------
[13.11.11 21:18:14][Logger] ----------> Log opened <----------
[13.11.11 21:18:14][info] Db Mgr instance requested!
[13.11.11 21:18:14][info] Selected database driver "MySQL"
[13.11.11 21:18:14][Logger] ----------| Log closed |----------
[13.11.11 21:20:01][Logger] ----------> Log opened <----------
[13.11.11 21:20:01][info] Db Mgr instance requested!
[13.11.11 21:20:01][info] Selected database driver "MySQL"
[13.11.11 21:20:01][Logger] ----------| Log closed |----------
[13.11.11 21:20:27][Logger] ----------> Log opened <----------
[13.11.11 21:20:27][info] Db Mgr instance requested!
[13.11.11 21:20:27][info] Selected database driver "MySQL"
[13.11.11 21:20:27][Logger] ----------| Log closed |----------
[13.11.11 21:20:42][Logger] ----------> Log opened <----------
[13.11.11 21:20:42][info] Db Mgr instance requested!
[13.11.11 21:20:42][info] Selected database driver "MySQL"
[13.11.11 21:20:42][info] Db Mgr instance requested!
[13.11.11 21:20:42][info] Db Mgr instance requested!
[13.11.11 21:20:42][Logger] ----------| Log closed |----------
[13.11.11 21:21:01][Logger] ----------> Log opened <----------
[13.11.11 21:21:01][info] Db Mgr instance requested!
[13.11.11 21:21:01][info] Selected database driver "MySQL"
[13.11.11 21:21:01][info] Db Mgr instance requested!
[13.11.11 21:21:01][info] Db Mgr instance requested!
[13.11.11 21:21:01][Logger] ----------| Log closed |----------
[13.11.11 21:21:36][Logger] ----------> Log opened <----------
[13.11.11 21:21:36][info] Db Mgr instance requested!
[13.11.11 21:21:36][info] Selected database driver "MySQL"
[13.11.11 21:21:36][info] Db Mgr instance requested!
[13.11.11 21:21:36][info] Db Mgr instance requested!
[13.11.11 21:21:36][Logger] ----------| Log closed |----------
[13.11.11 21:21:57][Logger] ----------> Log opened <----------
[13.11.11 21:21:57][info] Db Mgr instance requested!
[13.11.11 21:21:57][info] Selected database driver "MySQL"
[13.11.11 21:21:57][Logger] ----------| Log closed |----------
[13.11.11 21:21:58][Logger] ----------> Log opened <----------
[13.11.11 21:21:58][info] Db Mgr instance requested!
[13.11.11 21:21:58][info] Selected database driver "MySQL"
[13.11.11 21:21:58][Logger] ----------| Log closed |----------
[13.11.11 21:22:41][Logger] ----------> Log opened <----------
[13.11.11 21:22:41][info] Db Mgr instance requested!
[13.11.11 21:22:41][info] Selected database driver "MySQL"
[13.11.11 21:22:41][Logger] ----------| Log closed |----------
[13.11.11 21:22:57][Logger] ----------> Log opened <----------
[13.11.11 21:22:57][info] Db Mgr instance requested!
[13.11.11 21:22:57][info] Selected database driver "MySQL"
[13.11.11 21:22:57][Logger] ----------| Log closed |----------
[13.11.11 21:36:47][Logger] ----------> Log opened <----------
[13.11.11 21:36:47][info] Db Mgr instance requested!
[13.11.11 21:36:47][info] Selected database driver "MySQL"
[13.11.11 21:36:47][info] Db Mgr instance requested!
[13.11.11 21:36:47][info] Db Mgr instance requested!
[13.11.11 21:36:47][Logger] ----------| Log closed |----------
[13.11.11 21:36:59][Logger] ----------> Log opened <----------
[13.11.11 21:36:59][info] Db Mgr instance requested!
[13.11.11 21:36:59][info] Selected database driver "MySQL"
[13.11.11 21:36:59][Logger] ----------| Log closed |----------
[13.11.11 21:37:15][Logger] ----------> Log opened <----------
[13.11.11 21:37:15][info] Db Mgr instance requested!
[13.11.11 21:37:15][info] Selected database driver "MySQL"
[13.11.11 21:37:15][Logger] ----------| Log closed |----------
[13.11.11 21:37:15][Logger] ----------> Log opened <----------
[13.11.11 21:37:15][info] Db Mgr instance requested!
[13.11.11 21:37:15][info] Selected database driver "MySQL"
[13.11.11 21:37:15][Logger] ----------| Log closed |----------
[13.11.11 21:37:32][Logger] ----------> Log opened <----------
[13.11.11 21:37:32][info] Db Mgr instance requested!
[13.11.11 21:37:32][info] Selected database driver "MySQL"
[13.11.11 21:37:32][Logger] ----------| Log closed |----------
[13.11.11 21:38:45][Logger] ----------> Log opened <----------
[13.11.11 21:38:45][info] Db Mgr instance requested!
[13.11.11 21:38:45][info] Selected database driver "MySQL"
[13.11.11 21:38:45][Logger] ----------| Log closed |----------
[13.11.11 21:38:45][Logger] ----------> Log opened <----------
[13.11.11 21:38:45][info] Db Mgr instance requested!
[13.11.11 21:38:45][info] Selected database driver "MySQL"
[13.11.11 21:38:45][Logger] ----------| Log closed |----------
[13.11.11 21:38:48][Logger] ----------> Log opened <----------
[13.11.11 21:38:48][info] Db Mgr instance requested!
[13.11.11 21:38:48][info] Selected database driver "MySQL"
[13.11.11 21:38:48][Logger] ----------| Log closed |----------
[13.11.11 21:38:50][Logger] ----------> Log opened <----------
[13.11.11 21:38:50][info] Db Mgr instance requested!
[13.11.11 21:38:50][info] Selected database driver "MySQL"
[13.11.11 21:38:50][info] Db Mgr instance requested!
[13.11.11 21:38:50][Logger] ----------| Log closed |----------
[13.11.11 21:38:56][Logger] ----------> Log opened <----------
[13.11.11 21:38:56][info] Db Mgr instance requested!
[13.11.11 21:38:56][info] Selected database driver "MySQL"
[13.11.11 21:38:56][info] Db Mgr instance requested!
[13.11.11 21:38:56][info] Db Mgr instance requested!
[13.11.11 21:38:56][Logger] ----------| Log closed |----------
[13.11.11 21:38:56][Logger] ----------> Log opened <----------
[13.11.11 21:38:56][info] Db Mgr instance requested!
[13.11.11 21:38:56][info] Selected database driver "MySQL"
[13.11.11 21:38:56][Logger] ----------| Log closed |----------
[13.11.11 21:38:59][Logger] ----------> Log opened <----------
[13.11.11 21:38:59][info] Db Mgr instance requested!
[13.11.11 21:38:59][info] Selected database driver "MySQL"
[13.11.11 21:38:59][info] Db Mgr instance requested!
[13.11.11 21:38:59][Logger] ----------| Log closed |----------
[13.11.11 21:39:18][Logger] ----------> Log opened <----------
[13.11.11 21:39:18][info] Db Mgr instance requested!
[13.11.11 21:39:18][info] Selected database driver "MySQL"
[13.11.11 21:39:18][info] Db Mgr instance requested!
[13.11.11 21:39:18][Logger] ----------| Log closed |----------
[13.11.11 21:39:18][Logger] ----------> Log opened <----------
[13.11.11 21:39:18][info] Db Mgr instance requested!
[13.11.11 21:39:18][info] Selected database driver "MySQL"
[13.11.11 21:39:18][Logger] ----------| Log closed |----------
[14.11.11 16:08:52][Logger] ----------> Log opened <----------
[14.11.11 16:08:52][info] Db Mgr instance requested!
[14.11.11 16:08:52][info] Selected database driver "MySQL"
[14.11.11 16:08:53][info] Db Mgr instance requested!
[14.11.11 16:08:53][info] Db Mgr instance requested!
[14.11.11 16:08:53][Logger] ----------| Log closed |----------
[14.11.11 16:09:15][Logger] ----------> Log opened <----------
[14.11.11 16:09:15][info] Db Mgr instance requested!
[14.11.11 16:09:15][info] Selected database driver "MySQL"
[14.11.11 16:09:15][info] Db Mgr instance requested!
[14.11.11 16:09:15][info] Db Mgr instance requested!
[14.11.11 16:09:15][Logger] ----------| Log closed |----------
[14.11.11 16:09:15][Logger] ----------> Log opened <----------
[14.11.11 16:09:15][info] Db Mgr instance requested!
[14.11.11 16:09:15][info] Selected database driver "MySQL"
[14.11.11 16:09:15][Logger] ----------| Log closed |----------
[14.11.11 16:10:21][Logger] ----------> Log opened <----------
[14.11.11 16:10:21][info] Db Mgr instance requested!
[14.11.11 16:10:21][info] Selected database driver "MySQL"
[14.11.11 16:10:22][Logger] ----------| Log closed |----------
[14.11.11 16:10:22][Logger] ----------> Log opened <----------
[14.11.11 16:10:22][info] Db Mgr instance requested!
[14.11.11 16:10:22][info] Selected database driver "MySQL"
[14.11.11 16:10:22][info] Db Mgr instance requested!
[14.11.11 16:10:22][Logger] ----------| Log closed |----------
[14.11.11 16:10:22][Logger] ----------> Log opened <----------
[14.11.11 16:10:22][info] Db Mgr instance requested!
[14.11.11 16:10:22][info] Selected database driver "MySQL"
[14.11.11 16:10:22][info] Db Mgr instance requested!
[14.11.11 16:10:22][Logger] ----------| Log closed |----------
[14.11.11 16:10:42][Logger] ----------> Log opened <----------
[14.11.11 16:10:42][info] Db Mgr instance requested!
[14.11.11 16:10:42][info] Selected database driver "MySQL"
[14.11.11 16:10:42][Logger] ----------| Log closed |----------
[14.11.11 16:10:42][Logger] ----------> Log opened <----------
[14.11.11 16:10:42][info] Db Mgr instance requested!
[14.11.11 16:10:42][info] Selected database driver "MySQL"
[14.11.11 16:10:42][info] Db Mgr instance requested!
[14.11.11 16:10:42][Logger] ----------| Log closed |----------
[14.11.11 16:10:47][Logger] ----------> Log opened <----------
[14.11.11 16:10:47][info] Db Mgr instance requested!
[14.11.11 16:10:47][info] Selected database driver "MySQL"
[14.11.11 16:10:47][info] Db Mgr instance requested!
[14.11.11 16:10:47][Logger] ----------| Log closed |----------
[14.11.11 16:10:49][Logger] ----------> Log opened <----------
[14.11.11 16:10:49][info] Db Mgr instance requested!
[14.11.11 16:10:49][info] Selected database driver "MySQL"
[14.11.11 16:10:49][Logger] ----------| Log closed |----------
[14.11.11 16:10:52][Logger] ----------> Log opened <----------
[14.11.11 16:10:52][info] Db Mgr instance requested!
[14.11.11 16:10:52][info] Selected database driver "MySQL"
[14.11.11 16:10:52][Logger] ----------| Log closed |----------
