[13.11.11 17:44:57][Logger] ----------> Log opened <----------
[13.11.11 17:44:57][info] Displaying the subtemplate page
[13.11.11 17:44:57][info] rendering the subtemplate page
[13.11.11 17:44:57][info] Displaying the subtemplate content
[13.11.11 17:44:57][info] rendering the subtemplate content
[13.11.11 17:44:57][Logger] ----------| Log closed |----------
[13.11.11 17:46:19][Logger] ----------> Log opened <----------
[13.11.11 17:46:19][info] Displaying the subtemplate page
[13.11.11 17:46:19][info] rendering the subtemplate page
[13.11.11 17:46:19][info] Displaying the subtemplate content
[13.11.11 17:46:19][info] rendering the subtemplate content
[13.11.11 17:46:19][Logger] ----------| Log closed |----------
[13.11.11 17:46:25][Logger] ----------> Log opened <----------
[13.11.11 17:46:25][info] Displaying the subtemplate page
[13.11.11 17:46:25][info] rendering the subtemplate page
[13.11.11 17:46:25][info] Displaying the subtemplate content
[13.11.11 17:46:25][info] rendering the subtemplate content
[13.11.11 17:46:25][Logger] ----------| Log closed |----------
[13.11.11 18:15:03][Logger] ----------> Log opened <----------
[13.11.11 18:15:03][info] Displaying the subtemplate page
[13.11.11 18:15:03][info] rendering the subtemplate page
[13.11.11 18:15:03][info] Displaying the subtemplate content
[13.11.11 18:15:03][info] rendering the subtemplate content
[13.11.11 18:15:03][Logger] ----------| Log closed |----------
[13.11.11 18:16:58][Logger] ----------> Log opened <----------
[13.11.11 18:16:58][info] Displaying the subtemplate page
[13.11.11 18:16:58][info] rendering the subtemplate page
[13.11.11 18:16:58][info] Displaying the subtemplate content
[13.11.11 18:16:58][info] rendering the subtemplate content
[13.11.11 18:16:58][Logger] ----------| Log closed |----------
[13.11.11 18:17:06][Logger] ----------> Log opened <----------
[13.11.11 18:17:06][info] Displaying the subtemplate page
[13.11.11 18:17:06][info] rendering the subtemplate page
[13.11.11 18:17:06][info] Displaying the subtemplate content
[13.11.11 18:17:06][info] rendering the subtemplate content
[13.11.11 18:17:06][Logger] ----------| Log closed |----------
[13.11.11 18:18:58][Logger] ----------> Log opened <----------
[13.11.11 18:18:58][info] Displaying the subtemplate page
[13.11.11 18:18:58][info] rendering the subtemplate page
[13.11.11 18:18:58][info] Displaying the subtemplate content
[13.11.11 18:18:58][info] rendering the subtemplate content
[13.11.11 18:18:58][Logger] ----------| Log closed |----------
[13.11.11 18:19:09][Logger] ----------> Log opened <----------
[13.11.11 18:19:09][info] Displaying the subtemplate page
[13.11.11 18:19:09][info] rendering the subtemplate page
[13.11.11 18:19:09][info] Displaying the subtemplate content
[13.11.11 18:19:09][info] rendering the subtemplate content
[13.11.11 18:19:09][Logger] ----------| Log closed |----------
[13.11.11 18:19:55][Logger] ----------> Log opened <----------
[13.11.11 18:19:55][info] Displaying the subtemplate page
[13.11.11 18:19:55][info] rendering the subtemplate page
[13.11.11 18:19:55][info] Displaying the subtemplate content
[13.11.11 18:19:55][info] rendering the subtemplate content
[13.11.11 18:19:55][Logger] ----------| Log closed |----------
[13.11.11 18:30:47][Logger] ----------> Log opened <----------
[13.11.11 18:30:47][info] Displaying the subtemplate page
[13.11.11 18:30:47][info] rendering the subtemplate page
[13.11.11 18:30:47][info] Displaying the subtemplate content
[13.11.11 18:30:47][info] rendering the subtemplate content
[13.11.11 18:30:47][Logger] ----------| Log closed |----------
[13.11.11 18:31:44][Logger] ----------> Log opened <----------
[13.11.11 18:31:44][info] Displaying the subtemplate page
[13.11.11 18:31:44][info] rendering the subtemplate page
[13.11.11 18:31:44][info] Displaying the subtemplate content
[13.11.11 18:31:44][info] rendering the subtemplate content
[13.11.11 18:31:44][Logger] ----------| Log closed |----------
[13.11.11 18:32:48][Logger] ----------> Log opened <----------
[13.11.11 18:32:48][info] Displaying the subtemplate page
[13.11.11 18:32:48][info] rendering the subtemplate page
[13.11.11 18:32:48][info] Displaying the subtemplate content
[13.11.11 18:32:48][info] rendering the subtemplate content
[13.11.11 18:32:48][Logger] ----------| Log closed |----------
[13.11.11 18:32:52][Logger] ----------> Log opened <----------
[13.11.11 18:32:52][info] Displaying the subtemplate page
[13.11.11 18:32:52][info] rendering the subtemplate page
[13.11.11 18:32:52][info] Displaying the subtemplate content
[13.11.11 18:32:52][info] rendering the subtemplate content
[13.11.11 18:32:52][Logger] ----------| Log closed |----------
[13.11.11 18:33:31][Logger] ----------> Log opened <----------
[13.11.11 18:33:31][info] Displaying the subtemplate page
[13.11.11 18:33:31][info] rendering the subtemplate page
[13.11.11 18:33:31][info] Displaying the subtemplate content
[13.11.11 18:33:31][info] rendering the subtemplate content
[13.11.11 18:33:31][Logger] ----------| Log closed |----------
[13.11.11 18:37:18][Logger] ----------> Log opened <----------
[13.11.11 18:37:18][info] Displaying the subtemplate page
[13.11.11 18:37:18][info] rendering the subtemplate page
[13.11.11 18:37:18][info] Displaying the subtemplate content
[13.11.11 18:37:18][info] rendering the subtemplate content
[13.11.11 18:37:18][Logger] ----------| Log closed |----------
[13.11.11 18:38:07][Logger] ----------> Log opened <----------
[13.11.11 18:38:07][info] Displaying the subtemplate page
[13.11.11 18:38:07][info] rendering the subtemplate page
[13.11.11 18:38:07][info] Displaying the subtemplate content
[13.11.11 18:38:07][info] rendering the subtemplate content
[13.11.11 18:47:15][Logger] ----------> Log opened <----------
[13.11.11 18:47:15][info] Displaying the subtemplate page
[13.11.11 18:47:15][info] rendering the subtemplate page
[13.11.11 18:47:15][info] Displaying the subtemplate content
[13.11.11 18:47:15][info] rendering the subtemplate content
[13.11.11 18:47:27][Logger] ----------> Log opened <----------
[13.11.11 18:47:27][info] Displaying the subtemplate page
[13.11.11 18:47:27][info] rendering the subtemplate page
[13.11.11 18:47:27][info] Displaying the subtemplate content
[13.11.11 18:47:27][info] rendering the subtemplate content
[13.11.11 19:08:16][Logger] ----------> Log opened <----------
[13.11.11 19:08:16][info] Displaying the subtemplate page
[13.11.11 19:08:16][info] rendering the subtemplate page
[13.11.11 19:08:16][info] Displaying the subtemplate content
[13.11.11 19:08:16][info] rendering the subtemplate content
[13.11.11 19:08:25][Logger] ----------> Log opened <----------
[13.11.11 19:08:25][info] Displaying the subtemplate page
[13.11.11 19:08:25][info] rendering the subtemplate page
[13.11.11 19:08:25][info] Displaying the subtemplate content
[13.11.11 19:08:25][info] rendering the subtemplate content
[13.11.11 19:10:37][Logger] ----------> Log opened <----------
[13.11.11 19:10:37][info] Displaying the subtemplate page
[13.11.11 19:10:37][info] rendering the subtemplate page
[13.11.11 19:10:37][info] Displaying the subtemplate content
[13.11.11 19:10:37][info] rendering the subtemplate content
[13.11.11 19:10:38][Logger] ----------| Log closed |----------
[13.11.11 19:11:22][Logger] ----------> Log opened <----------
[13.11.11 19:11:22][info] Displaying the subtemplate page
[13.11.11 19:11:22][info] rendering the subtemplate page
[13.11.11 19:11:22][info] Displaying the subtemplate content
[13.11.11 19:11:22][info] rendering the subtemplate content
[13.11.11 19:11:22][Logger] ----------| Log closed |----------
[13.11.11 19:11:23][Logger] ----------> Log opened <----------
[13.11.11 19:11:23][info] Displaying the subtemplate page
[13.11.11 19:11:23][info] rendering the subtemplate page
[13.11.11 19:11:23][info] Displaying the subtemplate content
[13.11.11 19:11:23][info] rendering the subtemplate content
[13.11.11 19:11:23][Logger] ----------| Log closed |----------
[13.11.11 19:11:25][Logger] ----------> Log opened <----------
[13.11.11 19:11:25][info] Displaying the subtemplate page
[13.11.11 19:11:25][info] rendering the subtemplate page
[13.11.11 19:11:25][info] Displaying the subtemplate content
[13.11.11 19:11:25][info] rendering the subtemplate content
[13.11.11 19:11:25][Logger] ----------| Log closed |----------
[13.11.11 19:11:27][Logger] ----------> Log opened <----------
[13.11.11 19:11:27][info] Displaying the subtemplate page
[13.11.11 19:11:27][info] rendering the subtemplate page
[13.11.11 19:11:27][info] Displaying the subtemplate content
[13.11.11 19:11:27][info] rendering the subtemplate content
[13.11.11 19:11:27][Logger] ----------| Log closed |----------
[13.11.11 19:11:32][Logger] ----------> Log opened <----------
[13.11.11 19:11:32][info] Displaying the subtemplate page
[13.11.11 19:11:32][info] rendering the subtemplate page
[13.11.11 19:11:32][info] Displaying the subtemplate content
[13.11.11 19:11:32][info] rendering the subtemplate content
[13.11.11 19:11:32][Logger] ----------| Log closed |----------
[13.11.11 19:11:34][Logger] ----------> Log opened <----------
[13.11.11 19:11:34][info] Displaying the subtemplate page
[13.11.11 19:11:34][info] rendering the subtemplate page
[13.11.11 19:11:34][info] Displaying the subtemplate content
[13.11.11 19:11:34][info] rendering the subtemplate content
[13.11.11 19:11:34][Logger] ----------| Log closed |----------
[13.11.11 19:11:36][Logger] ----------> Log opened <----------
[13.11.11 19:11:36][info] Displaying the subtemplate page
[13.11.11 19:11:36][info] rendering the subtemplate page
[13.11.11 19:11:36][info] Displaying the subtemplate content
[13.11.11 19:11:36][info] rendering the subtemplate content
[13.11.11 19:11:36][Logger] ----------| Log closed |----------
[13.11.11 19:11:38][Logger] ----------> Log opened <----------
[13.11.11 19:11:38][info] Displaying the subtemplate page
[13.11.11 19:11:38][info] rendering the subtemplate page
[13.11.11 19:11:38][info] Displaying the subtemplate content
[13.11.11 19:11:38][info] rendering the subtemplate content
[13.11.11 19:11:38][Logger] ----------| Log closed |----------
[13.11.11 19:11:41][Logger] ----------> Log opened <----------
[13.11.11 19:11:41][info] Displaying the subtemplate page
[13.11.11 19:11:41][info] rendering the subtemplate page
[13.11.11 19:11:41][info] Displaying the subtemplate content
[13.11.11 19:11:41][info] rendering the subtemplate content
[13.11.11 19:11:41][Logger] ----------| Log closed |----------
[13.11.11 19:11:46][Logger] ----------> Log opened <----------
[13.11.11 19:11:46][info] Displaying the subtemplate page
[13.11.11 19:11:46][info] rendering the subtemplate page
[13.11.11 19:11:46][info] Displaying the subtemplate content
[13.11.11 19:11:46][info] rendering the subtemplate content
[13.11.11 19:11:46][Logger] ----------| Log closed |----------
[13.11.11 19:11:47][Logger] ----------> Log opened <----------
[13.11.11 19:11:47][info] Displaying the subtemplate page
[13.11.11 19:11:47][info] rendering the subtemplate page
[13.11.11 19:11:47][info] Displaying the subtemplate content
[13.11.11 19:11:47][info] rendering the subtemplate content
[13.11.11 19:11:47][Logger] ----------| Log closed |----------
[13.11.11 19:11:50][Logger] ----------> Log opened <----------
[13.11.11 19:11:50][info] Displaying the subtemplate page
[13.11.11 19:11:50][info] rendering the subtemplate page
[13.11.11 19:11:50][info] Displaying the subtemplate content
[13.11.11 19:11:50][info] rendering the subtemplate content
[13.11.11 19:11:50][Logger] ----------| Log closed |----------
[13.11.11 19:34:07][Logger] ----------> Log opened <----------
[13.11.11 19:34:07][info] Displaying the subtemplate page
[13.11.11 19:34:07][info] rendering the subtemplate page
[13.11.11 19:34:07][info] Displaying the subtemplate content
[13.11.11 19:34:07][info] rendering the subtemplate content
[13.11.11 19:34:07][Logger] ----------| Log closed |----------
[13.11.11 20:02:47][Logger] ----------> Log opened <----------
[13.11.11 20:02:47][info] Displaying the subtemplate page
[13.11.11 20:02:47][info] rendering the subtemplate page
[13.11.11 20:02:47][info] Displaying the subtemplate content
[13.11.11 20:02:47][info] rendering the subtemplate content
[13.11.11 20:02:47][Logger] ----------| Log closed |----------
[13.11.11 20:03:05][Logger] ----------> Log opened <----------
[13.11.11 20:03:05][info] Displaying the subtemplate page
[13.11.11 20:03:05][info] rendering the subtemplate page
[13.11.11 20:03:05][info] Displaying the subtemplate content
[13.11.11 20:03:05][info] rendering the subtemplate content
[13.11.11 20:03:05][Logger] ----------| Log closed |----------
[13.11.11 20:03:16][Logger] ----------> Log opened <----------
[13.11.11 20:03:16][info] Displaying the subtemplate page
[13.11.11 20:03:16][info] rendering the subtemplate page
[13.11.11 20:03:16][info] Displaying the subtemplate content
[13.11.11 20:03:16][info] rendering the subtemplate content
[13.11.11 20:03:16][Logger] ----------| Log closed |----------
[13.11.11 20:03:29][Logger] ----------> Log opened <----------
[13.11.11 20:03:29][info] Displaying the subtemplate page
[13.11.11 20:03:29][info] rendering the subtemplate page
[13.11.11 20:03:29][info] Displaying the subtemplate content
[13.11.11 20:03:29][info] rendering the subtemplate content
[13.11.11 20:03:29][Logger] ----------| Log closed |----------
[13.11.11 20:04:23][Logger] ----------> Log opened <----------
[13.11.11 20:04:23][info] Displaying the subtemplate page
[13.11.11 20:04:23][info] rendering the subtemplate page
[13.11.11 20:04:23][info] Displaying the subtemplate content
[13.11.11 20:04:23][info] rendering the subtemplate content
[13.11.11 20:04:23][Logger] ----------| Log closed |----------
[13.11.11 20:04:39][Logger] ----------> Log opened <----------
[13.11.11 20:04:39][info] Displaying the subtemplate page
[13.11.11 20:04:39][info] rendering the subtemplate page
[13.11.11 20:04:39][info] Displaying the subtemplate content
[13.11.11 20:04:39][info] rendering the subtemplate content
[13.11.11 20:04:39][Logger] ----------| Log closed |----------
[13.11.11 20:04:59][Logger] ----------> Log opened <----------
[13.11.11 20:04:59][info] Displaying the subtemplate page
[13.11.11 20:04:59][info] rendering the subtemplate page
[13.11.11 20:04:59][info] Displaying the subtemplate content
[13.11.11 20:04:59][info] rendering the subtemplate content
[13.11.11 20:04:59][Logger] ----------| Log closed |----------
[13.11.11 20:08:37][Logger] ----------> Log opened <----------
[13.11.11 20:08:37][info] Displaying the subtemplate page
[13.11.11 20:08:37][info] rendering the subtemplate page
[13.11.11 20:08:37][info] Displaying the subtemplate content
[13.11.11 20:08:37][info] rendering the subtemplate content
[13.11.11 20:08:37][Logger] ----------| Log closed |----------
[13.11.11 20:09:11][Logger] ----------> Log opened <----------
[13.11.11 20:09:11][info] Displaying the subtemplate page
[13.11.11 20:09:11][info] rendering the subtemplate page
[13.11.11 20:09:11][info] Displaying the subtemplate content
[13.11.11 20:09:11][info] rendering the subtemplate content
[13.11.11 20:09:11][Logger] ----------| Log closed |----------
[13.11.11 20:09:25][Logger] ----------> Log opened <----------
[13.11.11 20:09:25][info] Displaying the subtemplate page
[13.11.11 20:09:25][info] rendering the subtemplate page
[13.11.11 20:09:25][info] Displaying the subtemplate content
[13.11.11 20:09:25][info] rendering the subtemplate content
[13.11.11 20:09:25][Logger] ----------| Log closed |----------
[13.11.11 20:09:44][Logger] ----------> Log opened <----------
[13.11.11 20:09:44][info] Displaying the subtemplate page
[13.11.11 20:09:44][info] rendering the subtemplate page
[13.11.11 20:09:44][info] Displaying the subtemplate content
[13.11.11 20:09:44][info] rendering the subtemplate content
[13.11.11 20:09:44][Logger] ----------| Log closed |----------
[13.11.11 20:09:48][Logger] ----------> Log opened <----------
[13.11.11 20:09:48][info] Displaying the subtemplate page
[13.11.11 20:09:48][info] rendering the subtemplate page
[13.11.11 20:09:48][info] Displaying the subtemplate content
[13.11.11 20:09:48][info] rendering the subtemplate content
[13.11.11 20:09:48][Logger] ----------| Log closed |----------
[13.11.11 20:51:22][Logger] ----------> Log opened <----------
[13.11.11 20:51:22][info] Displaying the subtemplate page
[13.11.11 20:51:22][info] rendering the subtemplate page
[13.11.11 20:51:22][info] Displaying the subtemplate content
[13.11.11 20:51:22][info] rendering the subtemplate content
[13.11.11 20:51:22][Logger] ----------| Log closed |----------
[13.11.11 20:51:26][Logger] ----------> Log opened <----------
[13.11.11 20:51:26][info] Displaying the subtemplate page
[13.11.11 20:51:26][info] rendering the subtemplate page
[13.11.11 20:51:26][info] Displaying the subtemplate content
[13.11.11 20:51:26][info] rendering the subtemplate content
[13.11.11 20:51:26][Logger] ----------| Log closed |----------
[13.11.11 20:51:29][Logger] ----------> Log opened <----------
[13.11.11 20:51:29][info] Displaying the subtemplate page
[13.11.11 20:51:29][info] rendering the subtemplate page
[13.11.11 20:51:29][info] Displaying the subtemplate content
[13.11.11 20:51:29][info] rendering the subtemplate content
[13.11.11 20:51:29][Logger] ----------| Log closed |----------
[13.11.11 20:51:33][Logger] ----------> Log opened <----------
[13.11.11 20:51:33][info] Displaying the subtemplate page
[13.11.11 20:51:33][info] rendering the subtemplate page
[13.11.11 20:51:33][info] Displaying the subtemplate content
[13.11.11 20:51:33][info] rendering the subtemplate content
[13.11.11 20:51:33][Logger] ----------| Log closed |----------
[13.11.11 20:51:37][Logger] ----------> Log opened <----------
[13.11.11 20:51:37][info] Displaying the subtemplate page
[13.11.11 20:51:37][info] rendering the subtemplate page
[13.11.11 20:51:37][info] Displaying the subtemplate content
[13.11.11 20:51:37][info] rendering the subtemplate content
[13.11.11 20:51:37][Logger] ----------| Log closed |----------
[13.11.11 20:51:51][Logger] ----------> Log opened <----------
[13.11.11 20:51:51][info] Displaying the subtemplate page
[13.11.11 20:51:51][info] rendering the subtemplate page
[13.11.11 20:51:51][info] Displaying the subtemplate content
[13.11.11 20:51:51][info] rendering the subtemplate content
[13.11.11 20:51:51][Logger] ----------| Log closed |----------
[13.11.11 20:52:09][Logger] ----------> Log opened <----------
[13.11.11 20:52:09][info] Displaying the subtemplate page
[13.11.11 20:52:09][info] rendering the subtemplate page
[13.11.11 20:52:09][info] Displaying the subtemplate content
[13.11.11 20:52:09][info] rendering the subtemplate content
[13.11.11 20:52:09][Logger] ----------| Log closed |----------
[13.11.11 21:06:40][Logger] ----------> Log opened <----------
[13.11.11 21:06:40][info] Displaying the subtemplate page
[13.11.11 21:06:40][info] rendering the subtemplate page
[13.11.11 21:06:40][info] Displaying the subtemplate content
[13.11.11 21:06:40][info] rendering the subtemplate content
[13.11.11 21:06:40][Logger] ----------| Log closed |----------
[13.11.11 21:07:24][Logger] ----------> Log opened <----------
[13.11.11 21:07:24][info] Displaying the subtemplate page
[13.11.11 21:07:24][info] rendering the subtemplate page
[13.11.11 21:07:24][info] Displaying the subtemplate content
[13.11.11 21:07:24][info] rendering the subtemplate content
[13.11.11 21:07:24][Logger] ----------| Log closed |----------
[13.11.11 21:07:44][Logger] ----------> Log opened <----------
[13.11.11 21:07:44][info] Displaying the subtemplate page
[13.11.11 21:07:44][info] rendering the subtemplate page
[13.11.11 21:07:44][info] Displaying the subtemplate content
[13.11.11 21:07:44][info] rendering the subtemplate content
[13.11.11 21:07:44][Logger] ----------| Log closed |----------
[13.11.11 21:09:29][Logger] ----------> Log opened <----------
[13.11.11 21:09:29][info] Displaying the subtemplate page
[13.11.11 21:09:29][info] rendering the subtemplate page
[13.11.11 21:09:29][info] Displaying the subtemplate content
[13.11.11 21:09:29][info] rendering the subtemplate content
[13.11.11 21:09:29][Logger] ----------| Log closed |----------
[13.11.11 21:10:21][Logger] ----------> Log opened <----------
[13.11.11 21:10:21][info] Displaying the subtemplate page
[13.11.11 21:10:21][info] rendering the subtemplate page
[13.11.11 21:10:21][info] Displaying the subtemplate content
[13.11.11 21:10:21][info] rendering the subtemplate content
[13.11.11 21:10:21][Logger] ----------| Log closed |----------
[13.11.11 21:11:03][Logger] ----------> Log opened <----------
[13.11.11 21:11:03][info] Displaying the subtemplate page
[13.11.11 21:11:03][info] rendering the subtemplate page
[13.11.11 21:11:03][info] Displaying the subtemplate content
[13.11.11 21:11:03][info] rendering the subtemplate content
[13.11.11 21:11:03][Logger] ----------| Log closed |----------
[13.11.11 21:18:09][Logger] ----------> Log opened <----------
[13.11.11 21:18:09][info] Displaying the subtemplate page
[13.11.11 21:18:09][info] rendering the subtemplate page
[13.11.11 21:18:09][info] Displaying the subtemplate content
[13.11.11 21:18:09][info] rendering the subtemplate content
[13.11.11 21:18:09][Logger] ----------| Log closed |----------
[13.11.11 21:18:11][Logger] ----------> Log opened <----------
[13.11.11 21:18:11][info] Displaying the subtemplate page
[13.11.11 21:18:11][info] rendering the subtemplate page
[13.11.11 21:18:11][info] Displaying the subtemplate content
[13.11.11 21:18:11][info] rendering the subtemplate content
[13.11.11 21:18:11][Logger] ----------| Log closed |----------
[13.11.11 21:18:14][Logger] ----------> Log opened <----------
[13.11.11 21:18:14][info] Displaying the subtemplate page
[13.11.11 21:18:14][info] rendering the subtemplate page
[13.11.11 21:18:14][info] Displaying the subtemplate content
[13.11.11 21:18:14][info] rendering the subtemplate content
[13.11.11 21:18:14][Logger] ----------| Log closed |----------
[13.11.11 21:21:57][Logger] ----------> Log opened <----------
[13.11.11 21:21:57][info] Displaying the subtemplate page
[13.11.11 21:21:57][info] rendering the subtemplate page
[13.11.11 21:21:57][info] Displaying the subtemplate content
[13.11.11 21:21:57][info] rendering the subtemplate content
[13.11.11 21:21:57][Logger] ----------| Log closed |----------
[13.11.11 21:37:15][Logger] ----------> Log opened <----------
[13.11.11 21:37:15][info] Displaying the subtemplate page
[13.11.11 21:37:15][info] rendering the subtemplate page
[13.11.11 21:37:15][info] Displaying the subtemplate content
[13.11.11 21:37:15][info] rendering the subtemplate content
[13.11.11 21:37:15][Logger] ----------| Log closed |----------
[13.11.11 21:38:45][Logger] ----------> Log opened <----------
[13.11.11 21:38:45][info] Displaying the subtemplate page
[13.11.11 21:38:45][info] rendering the subtemplate page
[13.11.11 21:38:45][info] Displaying the subtemplate content
[13.11.11 21:38:45][info] rendering the subtemplate content
[13.11.11 21:38:45][Logger] ----------| Log closed |----------
[13.11.11 21:38:48][Logger] ----------> Log opened <----------
[13.11.11 21:38:48][info] Displaying the subtemplate page
[13.11.11 21:38:48][info] rendering the subtemplate page
[13.11.11 21:38:48][info] Displaying the subtemplate content
[13.11.11 21:38:48][info] rendering the subtemplate content
[13.11.11 21:38:48][Logger] ----------| Log closed |----------
[13.11.11 21:38:50][Logger] ----------> Log opened <----------
[13.11.11 21:38:50][info] Displaying the subtemplate page
[13.11.11 21:38:50][info] rendering the subtemplate page
[13.11.11 21:38:50][info] Displaying the subtemplate content
[13.11.11 21:38:50][info] rendering the subtemplate content
[13.11.11 21:38:50][Logger] ----------| Log closed |----------
[13.11.11 21:38:51][Logger] ----------> Log opened <----------
[13.11.11 21:38:51][info] Displaying the subtemplate page
[13.11.11 21:38:51][info] rendering the subtemplate page
[13.11.11 21:38:51][info] Displaying the subtemplate content
[13.11.11 21:38:51][info] rendering the subtemplate content
[13.11.11 21:38:51][Logger] ----------| Log closed |----------
[13.11.11 21:38:56][Logger] ----------> Log opened <----------
[13.11.11 21:38:56][info] Displaying the subtemplate page
[13.11.11 21:38:56][info] rendering the subtemplate page
[13.11.11 21:38:56][info] Displaying the subtemplate content
[13.11.11 21:38:56][info] rendering the subtemplate content
[13.11.11 21:38:56][Logger] ----------| Log closed |----------
[13.11.11 21:38:59][Logger] ----------> Log opened <----------
[13.11.11 21:38:59][info] Displaying the subtemplate page
[13.11.11 21:38:59][info] rendering the subtemplate page
[13.11.11 21:38:59][info] Displaying the subtemplate content
[13.11.11 21:38:59][info] rendering the subtemplate content
[13.11.11 21:38:59][Logger] ----------| Log closed |----------
[13.11.11 21:39:18][Logger] ----------> Log opened <----------
[13.11.11 21:39:18][info] Displaying the subtemplate page
[13.11.11 21:39:18][info] rendering the subtemplate page
[13.11.11 21:39:18][info] Displaying the subtemplate content
[13.11.11 21:39:18][info] rendering the subtemplate content
[13.11.11 21:39:18][Logger] ----------| Log closed |----------
[14.11.11 16:08:53][Logger] ----------> Log opened <----------
[14.11.11 16:08:53][info] Displaying the subtemplate page
[14.11.11 16:08:53][info] rendering the subtemplate page
[14.11.11 16:08:53][info] Displaying the subtemplate content
[14.11.11 16:08:53][info] rendering the subtemplate content
[14.11.11 16:08:53][Logger] ----------| Log closed |----------
[14.11.11 16:09:15][Logger] ----------> Log opened <----------
[14.11.11 16:09:15][info] Displaying the subtemplate page
[14.11.11 16:09:15][info] rendering the subtemplate page
[14.11.11 16:09:15][info] Displaying the subtemplate content
[14.11.11 16:09:15][info] rendering the subtemplate content
[14.11.11 16:09:15][Logger] ----------| Log closed |----------
[14.11.11 16:10:22][Logger] ----------> Log opened <----------
[14.11.11 16:10:22][info] Displaying the subtemplate page
[14.11.11 16:10:22][info] rendering the subtemplate page
[14.11.11 16:10:22][info] Displaying the subtemplate content
[14.11.11 16:10:22][info] rendering the subtemplate content
[14.11.11 16:10:22][Logger] ----------| Log closed |----------
[14.11.11 16:10:42][Logger] ----------> Log opened <----------
[14.11.11 16:10:42][info] Displaying the subtemplate page
[14.11.11 16:10:42][info] rendering the subtemplate page
[14.11.11 16:10:42][info] Displaying the subtemplate content
[14.11.11 16:10:42][info] rendering the subtemplate content
[14.11.11 16:10:42][Logger] ----------| Log closed |----------
[14.11.11 16:10:47][Logger] ----------> Log opened <----------
[14.11.11 16:10:47][info] Displaying the subtemplate page
[14.11.11 16:10:47][info] rendering the subtemplate page
[14.11.11 16:10:47][info] Displaying the subtemplate content
[14.11.11 16:10:47][info] rendering the subtemplate content
[14.11.11 16:10:47][Logger] ----------| Log closed |----------
[14.11.11 16:10:49][Logger] ----------> Log opened <----------
[14.11.11 16:10:49][info] Displaying the subtemplate page
[14.11.11 16:10:49][info] rendering the subtemplate page
[14.11.11 16:10:49][info] Displaying the subtemplate content
[14.11.11 16:10:49][info] rendering the subtemplate content
[14.11.11 16:10:49][Logger] ----------| Log closed |----------
[14.11.11 16:10:52][Logger] ----------> Log opened <----------
[14.11.11 16:10:52][info] Displaying the subtemplate page
[14.11.11 16:10:52][info] rendering the subtemplate page
[14.11.11 16:10:52][info] Displaying the subtemplate content
[14.11.11 16:10:52][info] rendering the subtemplate content
[14.11.11 16:10:52][Logger] ----------| Log closed |----------
